-------------------------------------------------------------------------------
Test set: mum.cs.cs544.finalproject.tripregistrationservice.TripregistrationServiceApplicationTests
-------------------------------------------------------------------------------
Tests run: 1, Failures: 0, Errors: 1, Skipped: 0, Time elapsed: 10.188 s <<< FAILURE! - in mum.cs.cs544.finalproject.tripregistrationservice.TripregistrationServiceApplicationTests
contextLoads  Time elapsed: 0.003 s  <<< ERROR!
java.lang.IllegalStateException: Failed to load ApplicationContext
Caused by: org.springframework.beans.factory.UnsatisfiedDependencyException: Error creating bean with name 'reserveListener': Unsatisfied dependency expressed through field 'tripRegistrationTableService'; nested exception is org.springframework.beans.factory.UnsatisfiedDependencyException: Error creating bean with name 'tripRegistrationTableServiceImpl': Unsatisfied dependency expressed through field 'tripRegistrationTableRepository'; nested exception is org.springframework.beans.factory.BeanCreationException: Error creating bean with name 'tripRegistrationTableRepository': Cannot resolve reference to bean 'cassandraTemplate' while setting bean property 'cassandraTemplate'; nested exception is org.springframework.beans.factory.BeanCreationException: Error creating bean with name 'cassandraTemplate' defined in class path resource [mum/cs/cs544/finalproject/tripregistrationservice/cassandraconfig/TripRegistrationCassandraConfig.class]: Bean instantiation via factory method failed; nested exception is org.springframework.beans.BeanInstantiationException: Failed to instantiate [org.springframework.data.cassandra.core.CassandraAdminTemplate]: Factory method 'cassandraTemplate' threw exception; nested exception is org.springframework.beans.factory.BeanCreationException: Error creating bean with name 'sessionFactory' defined in class path resource [mum/cs/cs544/finalproject/tripregistrationservice/cassandraconfig/TripRegistrationCassandraConfig.class]: Bean instantiation via factory method failed; nested exception is org.springframework.beans.BeanInstantiationException: Failed to instantiate [org.springframework.data.cassandra.SessionFactory]: Factory method 'sessionFactory' threw exception; nested exception is org.springframework.beans.factory.BeanCreationException: Error creating bean with name 'session' defined in class path resource [mum/cs/cs544/finalproject/tripregistrationservice/cassandraconfig/TripRegistrationCassandraConfig.class]: Invocation of init method failed; nested exception is com.datastax.driver.core.exceptions.NoHostAvailableException: All host(s) tried for query failed (tried: localhost/127.0.0.1:9042 (com.datastax.driver.core.exceptions.TransportException: [localhost/127.0.0.1:9042] Cannot connect), localhost/0:0:0:0:0:0:0:1:9042 (com.datastax.driver.core.exceptions.TransportException: [localhost/0:0:0:0:0:0:0:1:9042] Cannot connect))
Caused by: org.springframework.beans.factory.UnsatisfiedDependencyException: Error creating bean with name 'tripRegistrationTableServiceImpl': Unsatisfied dependency expressed through field 'tripRegistrationTableRepository'; nested exception is org.springframework.beans.factory.BeanCreationException: Error creating bean with name 'tripRegistrationTableRepository': Cannot resolve reference to bean 'cassandraTemplate' while setting bean property 'cassandraTemplate'; nested exception is org.springframework.beans.factory.BeanCreationException: Error creating bean with name 'cassandraTemplate' defined in class path resource [mum/cs/cs544/finalproject/tripregistrationservice/cassandraconfig/TripRegistrationCassandraConfig.class]: Bean instantiation via factory method failed; nested exception is org.springframework.beans.BeanInstantiationException: Failed to instantiate [org.springframework.data.cassandra.core.CassandraAdminTemplate]: Factory method 'cassandraTemplate' threw exception; nested exception is org.springframework.beans.factory.BeanCreationException: Error creating bean with name 'sessionFactory' defined in class path resource [mum/cs/cs544/finalproject/tripregistrationservice/cassandraconfig/TripRegistrationCassandraConfig.class]: Bean instantiation via factory method failed; nested exception is org.springframework.beans.BeanInstantiationException: Failed to instantiate [org.springframework.data.cassandra.SessionFactory]: Factory method 'sessionFactory' threw exception; nested exception is org.springframework.beans.factory.BeanCreationException: Error creating bean with name 'session' defined in class path resource [mum/cs/cs544/finalproject/tripregistrationservice/cassandraconfig/TripRegistrationCassandraConfig.class]: Invocation of init method failed; nested exception is com.datastax.driver.core.exceptions.NoHostAvailableException: All host(s) tried for query failed (tried: localhost/127.0.0.1:9042 (com.datastax.driver.core.exceptions.TransportException: [localhost/127.0.0.1:9042] Cannot connect), localhost/0:0:0:0:0:0:0:1:9042 (com.datastax.driver.core.exceptions.TransportException: [localhost/0:0:0:0:0:0:0:1:9042] Cannot connect))
Caused by: org.springframework.beans.factory.BeanCreationException: Error creating bean with name 'tripRegistrationTableRepository': Cannot resolve reference to bean 'cassandraTemplate' while setting bean property 'cassandraTemplate'; nested exception is org.springframework.beans.factory.BeanCreationException: Error creating bean with name 'cassandraTemplate' defined in class path resource [mum/cs/cs544/finalproject/tripregistrationservice/cassandraconfig/TripRegistrationCassandraConfig.class]: Bean instantiation via factory method failed; nested exception is org.springframework.beans.BeanInstantiationException: Failed to instantiate [org.springframework.data.cassandra.core.CassandraAdminTemplate]: Factory method 'cassandraTemplate' threw exception; nested exception is org.springframework.beans.factory.BeanCreationException: Error creating bean with name 'sessionFactory' defined in class path resource [mum/cs/cs544/finalproject/tripregistrationservice/cassandraconfig/TripRegistrationCassandraConfig.class]: Bean instantiation via factory method failed; nested exception is org.springframework.beans.BeanInstantiationException: Failed to instantiate [org.springframework.data.cassandra.SessionFactory]: Factory method 'sessionFactory' threw exception; nested exception is org.springframework.beans.factory.BeanCreationException: Error creating bean with name 'session' defined in class path resource [mum/cs/cs544/finalproject/tripregistrationservice/cassandraconfig/TripRegistrationCassandraConfig.class]: Invocation of init method failed; nested exception is com.datastax.driver.core.exceptions.NoHostAvailableException: All host(s) tried for query failed (tried: localhost/127.0.0.1:9042 (com.datastax.driver.core.exceptions.TransportException: [localhost/127.0.0.1:9042] Cannot connect), localhost/0:0:0:0:0:0:0:1:9042 (com.datastax.driver.core.exceptions.TransportException: [localhost/0:0:0:0:0:0:0:1:9042] Cannot connect))
Caused by: org.springframework.beans.factory.BeanCreationException: Error creating bean with name 'cassandraTemplate' defined in class path resource [mum/cs/cs544/finalproject/tripregistrationservice/cassandraconfig/TripRegistrationCassandraConfig.class]: Bean instantiation via factory method failed; nested exception is org.springframework.beans.BeanInstantiationException: Failed to instantiate [org.springframework.data.cassandra.core.CassandraAdminTemplate]: Factory method 'cassandraTemplate' threw exception; nested exception is org.springframework.beans.factory.BeanCreationException: Error creating bean with name 'sessionFactory' defined in class path resource [mum/cs/cs544/finalproject/tripregistrationservice/cassandraconfig/TripRegistrationCassandraConfig.class]: Bean instantiation via factory method failed; nested exception is org.springframework.beans.BeanInstantiationException: Failed to instantiate [org.springframework.data.cassandra.SessionFactory]: Factory method 'sessionFactory' threw exception; nested exception is org.springframework.beans.factory.BeanCreationException: Error creating bean with name 'session' defined in class path resource [mum/cs/cs544/finalproject/tripregistrationservice/cassandraconfig/TripRegistrationCassandraConfig.class]: Invocation of init method failed; nested exception is com.datastax.driver.core.exceptions.NoHostAvailableException: All host(s) tried for query failed (tried: localhost/127.0.0.1:9042 (com.datastax.driver.core.exceptions.TransportException: [localhost/127.0.0.1:9042] Cannot connect), localhost/0:0:0:0:0:0:0:1:9042 (com.datastax.driver.core.exceptions.TransportException: [localhost/0:0:0:0:0:0:0:1:9042] Cannot connect))
Caused by: org.springframework.beans.BeanInstantiationException: Failed to instantiate [org.springframework.data.cassandra.core.CassandraAdminTemplate]: Factory method 'cassandraTemplate' threw exception; nested exception is org.springframework.beans.factory.BeanCreationException: Error creating bean with name 'sessionFactory' defined in class path resource [mum/cs/cs544/finalproject/tripregistrationservice/cassandraconfig/TripRegistrationCassandraConfig.class]: Bean instantiation via factory method failed; nested exception is org.springframework.beans.BeanInstantiationException: Failed to instantiate [org.springframework.data.cassandra.SessionFactory]: Factory method 'sessionFactory' threw exception; nested exception is org.springframework.beans.factory.BeanCreationException: Error creating bean with name 'session' defined in class path resource [mum/cs/cs544/finalproject/tripregistrationservice/cassandraconfig/TripRegistrationCassandraConfig.class]: Invocation of init method failed; nested exception is com.datastax.driver.core.exceptions.NoHostAvailableException: All host(s) tried for query failed (tried: localhost/127.0.0.1:9042 (com.datastax.driver.core.exceptions.TransportException: [localhost/127.0.0.1:9042] Cannot connect), localhost/0:0:0:0:0:0:0:1:9042 (com.datastax.driver.core.exceptions.TransportException: [localhost/0:0:0:0:0:0:0:1:9042] Cannot connect))
Caused by: org.springframework.beans.factory.BeanCreationException: Error creating bean with name 'sessionFactory' defined in class path resource [mum/cs/cs544/finalproject/tripregistrationservice/cassandraconfig/TripRegistrationCassandraConfig.class]: Bean instantiation via factory method failed; nested exception is org.springframework.beans.BeanInstantiationException: Failed to instantiate [org.springframework.data.cassandra.SessionFactory]: Factory method 'sessionFactory' threw exception; nested exception is org.springframework.beans.factory.BeanCreationException: Error creating bean with name 'session' defined in class path resource [mum/cs/cs544/finalproject/tripregistrationservice/cassandraconfig/TripRegistrationCassandraConfig.class]: Invocation of init method failed; nested exception is com.datastax.driver.core.exceptions.NoHostAvailableException: All host(s) tried for query failed (tried: localhost/127.0.0.1:9042 (com.datastax.driver.core.exceptions.TransportException: [localhost/127.0.0.1:9042] Cannot connect), localhost/0:0:0:0:0:0:0:1:9042 (com.datastax.driver.core.exceptions.TransportException: [localhost/0:0:0:0:0:0:0:1:9042] Cannot connect))
Caused by: org.springframework.beans.BeanInstantiationException: Failed to instantiate [org.springframework.data.cassandra.SessionFactory]: Factory method 'sessionFactory' threw exception; nested exception is org.springframework.beans.factory.BeanCreationException: Error creating bean with name 'session' defined in class path resource [mum/cs/cs544/finalproject/tripregistrationservice/cassandraconfig/TripRegistrationCassandraConfig.class]: Invocation of init method failed; nested exception is com.datastax.driver.core.exceptions.NoHostAvailableException: All host(s) tried for query failed (tried: localhost/127.0.0.1:9042 (com.datastax.driver.core.exceptions.TransportException: [localhost/127.0.0.1:9042] Cannot connect), localhost/0:0:0:0:0:0:0:1:9042 (com.datastax.driver.core.exceptions.TransportException: [localhost/0:0:0:0:0:0:0:1:9042] Cannot connect))
Caused by: org.springframework.beans.factory.BeanCreationException: Error creating bean with name 'session' defined in class path resource [mum/cs/cs544/finalproject/tripregistrationservice/cassandraconfig/TripRegistrationCassandraConfig.class]: Invocation of init method failed; nested exception is com.datastax.driver.core.exceptions.NoHostAvailableException: All host(s) tried for query failed (tried: localhost/127.0.0.1:9042 (com.datastax.driver.core.exceptions.TransportException: [localhost/127.0.0.1:9042] Cannot connect), localhost/0:0:0:0:0:0:0:1:9042 (com.datastax.driver.core.exceptions.TransportException: [localhost/0:0:0:0:0:0:0:1:9042] Cannot connect))
Caused by: com.datastax.driver.core.exceptions.NoHostAvailableException: All host(s) tried for query failed (tried: localhost/127.0.0.1:9042 (com.datastax.driver.core.exceptions.TransportException: [localhost/127.0.0.1:9042] Cannot connect), localhost/0:0:0:0:0:0:0:1:9042 (com.datastax.driver.core.exceptions.TransportException: [localhost/0:0:0:0:0:0:0:1:9042] Cannot connect))

