<?xml version="1.0" encoding="UTF-8"?>
<testsuite xmlns:xsi="http://www.w3.org/2001/XMLSchema-instance" xsi:noNamespaceSchemaLocation="https://maven.apache.org/surefire/maven-surefire-plugin/xsd/surefire-test-report.xsd" name="mum.cs.cs544.finalproject.tripregistrationservice.TripregistrationServiceApplicationTests" time="10.188" tests="1" errors="1" skipped="0" failures="0">
  <properties>
[...]
</properties>
  <testcase name="contextLoads" classname="mum.cs.cs544.finalproject.tripregistrationservice.TripregistrationServiceApplicationTests" time="0.003">
    <error message="Failed to load ApplicationContext" type="java.lang.IllegalStateException">java.lang.IllegalStateException: Failed to load ApplicationContext
Caused by: org.springframework.beans.factory.UnsatisfiedDependencyException: Error creating bean with name 'reserveListener': Unsatisfied dependency expressed through field 'tripRegistrationTableService'; nested exception is org.springframework.beans.factory.UnsatisfiedDependencyException: Error creating bean with name 'tripRegistrationTableServiceImpl': Unsatisfied dependency expressed through field 'tripRegistrationTableRepository'; nested exception is org.springframework.beans.factory.BeanCreationException: Error creating bean with name 'tripRegistrationTableRepository': Cannot resolve reference to bean 'cassandraTemplate' while setting bean property 'cassandraTemplate'; nested exception is org.springframework.beans.factory.BeanCreationException: Error creating bean with name 'cassandraTemplate' defined in class path resource [mum/cs/cs544/finalproject/tripregistrationservice/cassandraconfig/TripRegistrationCassandraConfig.class]: Bean instantiation via factory method failed; nested exception is org.springframework.beans.BeanInstantiationException: Failed to instantiate [org.springframework.data.cassandra.core.CassandraAdminTemplate]: Factory method 'cassandraTemplate' threw exception; nested exception is org.springframework.beans.factory.BeanCreationException: Error creating bean with name 'sessionFactory' defined in class path resource [mum/cs/cs544/finalproject/tripregistrationservice/cassandraconfig/TripRegistrationCassandraConfig.class]: Bean instantiation via factory method failed; nested exception is org.springframework.beans.BeanInstantiationException: Failed to instantiate [org.springframework.data.cassandra.SessionFactory]: Factory method 'sessionFactory' threw exception; nested exception is org.springframework.beans.factory.BeanCreationException: Error creating bean with name 'session' defined in class path resource [mum/cs/cs544/finalproject/tripregistrationservice/cassandraconfig/TripRegistrationCassandraConfig.class]: Invocation of init method failed; nested exception is com.datastax.driver.core.exceptions.NoHostAvailableException: All host(s) tried for query failed (tried: localhost/127.0.0.1:9042 (com.datastax.driver.core.exceptions.TransportException: [localhost/127.0.0.1:9042] Cannot connect), localhost/0:0:0:0:0:0:0:1:9042 (com.datastax.driver.core.exceptions.TransportException: [localhost/0:0:0:0:0:0:0:1:9042] Cannot connect))
Caused by: org.springframework.beans.factory.UnsatisfiedDependencyException: Error creating bean with name 'tripRegistrationTableServiceImpl': Unsatisfied dependency expressed through field 'tripRegistrationTableRepository'; nested exception is org.springframework.beans.factory.BeanCreationException: Error creating bean with name 'tripRegistrationTableRepository': Cannot resolve reference to bean 'cassandraTemplate' while setting bean property 'cassandraTemplate'; nested exception is org.springframework.beans.factory.BeanCreationException: Error creating bean with name 'cassandraTemplate' defined in class path resource [mum/cs/cs544/finalproject/tripregistrationservice/cassandraconfig/TripRegistrationCassandraConfig.class]: Bean instantiation via factory method failed; nested exception is org.springframework.beans.BeanInstantiationException: Failed to instantiate [org.springframework.data.cassandra.core.CassandraAdminTemplate]: Factory method 'cassandraTemplate' threw exception; nested exception is org.springframework.beans.factory.BeanCreationException: Error creating bean with name 'sessionFactory' defined in class path resource [mum/cs/cs544/finalproject/tripregistrationservice/cassandraconfig/TripRegistrationCassandraConfig.class]: Bean instantiation via factory method failed; nested exception is org.springframework.beans.BeanInstantiationException: Failed to instantiate [org.springframework.data.cassandra.SessionFactory]: Factory method 'sessionFactory' threw exception; nested exception is org.springframework.beans.factory.BeanCreationException: Error creating bean with name 'session' defined in class path resource [mum/cs/cs544/finalproject/tripregistrationservice/cassandraconfig/TripRegistrationCassandraConfig.class]: Invocation of init method failed; nested exception is com.datastax.driver.core.exceptions.NoHostAvailableException: All host(s) tried for query failed (tried: localhost/127.0.0.1:9042 (com.datastax.driver.core.exceptions.TransportException: [localhost/127.0.0.1:9042] Cannot connect), localhost/0:0:0:0:0:0:0:1:9042 (com.datastax.driver.core.exceptions.TransportException: [localhost/0:0:0:0:0:0:0:1:9042] Cannot connect))
Caused by: org.springframework.beans.factory.BeanCreationException: Error creating bean with name 'tripRegistrationTableRepository': Cannot resolve reference to bean 'cassandraTemplate' while setting bean property 'cassandraTemplate'; nested exception is org.springframework.beans.factory.BeanCreationException: Error creating bean with name 'cassandraTemplate' defined in class path resource [mum/cs/cs544/finalproject/tripregistrationservice/cassandraconfig/TripRegistrationCassandraConfig.class]: Bean instantiation via factory method failed; nested exception is org.springframework.beans.BeanInstantiationException: Failed to instantiate [org.springframework.data.cassandra.core.CassandraAdminTemplate]: Factory method 'cassandraTemplate' threw exception; nested exception is org.springframework.beans.factory.BeanCreationException: Error creating bean with name 'sessionFactory' defined in class path resource [mum/cs/cs544/finalproject/tripregistrationservice/cassandraconfig/TripRegistrationCassandraConfig.class]: Bean instantiation via factory method failed; nested exception is org.springframework.beans.BeanInstantiationException: Failed to instantiate [org.springframework.data.cassandra.SessionFactory]: Factory method 'sessionFactory' threw exception; nested exception is org.springframework.beans.factory.BeanCreationException: Error creating bean with name 'session' defined in class path resource [mum/cs/cs544/finalproject/tripregistrationservice/cassandraconfig/TripRegistrationCassandraConfig.class]: Invocation of init method failed; nested exception is com.datastax.driver.core.exceptions.NoHostAvailableException: All host(s) tried for query failed (tried: localhost/127.0.0.1:9042 (com.datastax.driver.core.exceptions.TransportException: [localhost/127.0.0.1:9042] Cannot connect), localhost/0:0:0:0:0:0:0:1:9042 (com.datastax.driver.core.exceptions.TransportException: [localhost/0:0:0:0:0:0:0:1:9042] Cannot connect))
Caused by: org.springframework.beans.factory.BeanCreationException: Error creating bean with name 'cassandraTemplate' defined in class path resource [mum/cs/cs544/finalproject/tripregistrationservice/cassandraconfig/TripRegistrationCassandraConfig.class]: Bean instantiation via factory method failed; nested exception is org.springframework.beans.BeanInstantiationException: Failed to instantiate [org.springframework.data.cassandra.core.CassandraAdminTemplate]: Factory method 'cassandraTemplate' threw exception; nested exception is org.springframework.beans.factory.BeanCreationException: Error creating bean with name 'sessionFactory' defined in class path resource [mum/cs/cs544/finalproject/tripregistrationservice/cassandraconfig/TripRegistrationCassandraConfig.class]: Bean instantiation via factory method failed; nested exception is org.springframework.beans.BeanInstantiationException: Failed to instantiate [org.springframework.data.cassandra.SessionFactory]: Factory method 'sessionFactory' threw exception; nested exception is org.springframework.beans.factory.BeanCreationException: Error creating bean with name 'session' defined in class path resource [mum/cs/cs544/finalproject/tripregistrationservice/cassandraconfig/TripRegistrationCassandraConfig.class]: Invocation of init method failed; nested exception is com.datastax.driver.core.exceptions.NoHostAvailableException: All host(s) tried for query failed (tried: localhost/127.0.0.1:9042 (com.datastax.driver.core.exceptions.TransportException: [localhost/127.0.0.1:9042] Cannot connect), localhost/0:0:0:0:0:0:0:1:9042 (com.datastax.driver.core.exceptions.TransportException: [localhost/0:0:0:0:0:0:0:1:9042] Cannot connect))
Caused by: org.springframework.beans.BeanInstantiationException: Failed to instantiate [org.springframework.data.cassandra.core.CassandraAdminTemplate]: Factory method 'cassandraTemplate' threw exception; nested exception is org.springframework.beans.factory.BeanCreationException: Error creating bean with name 'sessionFactory' defined in class path resource [mum/cs/cs544/finalproject/tripregistrationservice/cassandraconfig/TripRegistrationCassandraConfig.class]: Bean instantiation via factory method failed; nested exception is org.springframework.beans.BeanInstantiationException: Failed to instantiate [org.springframework.data.cassandra.SessionFactory]: Factory method 'sessionFactory' threw exception; nested exception is org.springframework.beans.factory.BeanCreationException: Error creating bean with name 'session' defined in class path resource [mum/cs/cs544/finalproject/tripregistrationservice/cassandraconfig/TripRegistrationCassandraConfig.class]: Invocation of init method failed; nested exception is com.datastax.driver.core.exceptions.NoHostAvailableException: All host(s) tried for query failed (tried: localhost/127.0.0.1:9042 (com.datastax.driver.core.exceptions.TransportException: [localhost/127.0.0.1:9042] Cannot connect), localhost/0:0:0:0:0:0:0:1:9042 (com.datastax.driver.core.exceptions.TransportException: [localhost/0:0:0:0:0:0:0:1:9042] Cannot connect))
Caused by: org.springframework.beans.factory.BeanCreationException: Error creating bean with name 'sessionFactory' defined in class path resource [mum/cs/cs544/finalproject/tripregistrationservice/cassandraconfig/TripRegistrationCassandraConfig.class]: Bean instantiation via factory method failed; nested exception is org.springframework.beans.BeanInstantiationException: Failed to instantiate [org.springframework.data.cassandra.SessionFactory]: Factory method 'sessionFactory' threw exception; nested exception is org.springframework.beans.factory.BeanCreationException: Error creating bean with name 'session' defined in class path resource [mum/cs/cs544/finalproject/tripregistrationservice/cassandraconfig/TripRegistrationCassandraConfig.class]: Invocation of init method failed; nested exception is com.datastax.driver.core.exceptions.NoHostAvailableException: All host(s) tried for query failed (tried: localhost/127.0.0.1:9042 (com.datastax.driver.core.exceptions.TransportException: [localhost/127.0.0.1:9042] Cannot connect), localhost/0:0:0:0:0:0:0:1:9042 (com.datastax.driver.core.exceptions.TransportException: [localhost/0:0:0:0:0:0:0:1:9042] Cannot connect))
Caused by: org.springframework.beans.BeanInstantiationException: Failed to instantiate [org.springframework.data.cassandra.SessionFactory]: Factory method 'sessionFactory' threw exception; nested exception is org.springframework.beans.factory.BeanCreationException: Error creating bean with name 'session' defined in class path resource [mum/cs/cs544/finalproject/tripregistrationservice/cassandraconfig/TripRegistrationCassandraConfig.class]: Invocation of init method failed; nested exception is com.datastax.driver.core.exceptions.NoHostAvailableException: All host(s) tried for query failed (tried: localhost/127.0.0.1:9042 (com.datastax.driver.core.exceptions.TransportException: [localhost/127.0.0.1:9042] Cannot connect), localhost/0:0:0:0:0:0:0:1:9042 (com.datastax.driver.core.exceptions.TransportException: [localhost/0:0:0:0:0:0:0:1:9042] Cannot connect))
Caused by: org.springframework.beans.factory.BeanCreationException: Error creating bean with name 'session' defined in class path resource [mum/cs/cs544/finalproject/tripregistrationservice/cassandraconfig/TripRegistrationCassandraConfig.class]: Invocation of init method failed; nested exception is com.datastax.driver.core.exceptions.NoHostAvailableException: All host(s) tried for query failed (tried: localhost/127.0.0.1:9042 (com.datastax.driver.core.exceptions.TransportException: [localhost/127.0.0.1:9042] Cannot connect), localhost/0:0:0:0:0:0:0:1:9042 (com.datastax.driver.core.exceptions.TransportException: [localhost/0:0:0:0:0:0:0:1:9042] Cannot connect))
Caused by: com.datastax.driver.core.exceptions.NoHostAvailableException: All host(s) tried for query failed (tried: localhost/127.0.0.1:9042 (com.datastax.driver.core.exceptions.TransportException: [localhost/127.0.0.1:9042] Cannot connect), localhost/0:0:0:0:0:0:0:1:9042 (com.datastax.driver.core.exceptions.TransportException: [localhost/0:0:0:0:0:0:0:1:9042] Cannot connect))
</error>
    <system-out><![CDATA[17:31:32.812 [main] DEBUG org.springframework.test.context.BootstrapUtils - Instantiating CacheAwareContextLoaderDelegate from class [org.springframework.test.context.cache.DefaultCacheAwareContextLoaderDelegate]
17:31:32.837 [main] DEBUG org.springframework.test.context.BootstrapUtils - Instantiating BootstrapContext using constructor [public org.springframework.test.context.support.DefaultBootstrapContext(java.lang.Class,org.springframework.test.context.CacheAwareContextLoaderDelegate)]
17:31:32.921 [main] DEBUG org.springframework.test.context.BootstrapUtils - Instantiating TestContextBootstrapper for test class [mum.cs.cs544.finalproject.tripregistrationservice.TripregistrationServiceApplicationTests] from class [org.springframework.boot.test.context.SpringBootTestContextBootstrapper]
17:31:32.963 [main] INFO org.springframework.boot.test.context.SpringBootTestContextBootstrapper - Neither @ContextConfiguration nor @ContextHierarchy found for test class [mum.cs.cs544.finalproject.tripregistrationservice.TripregistrationServiceApplicationTests], using SpringBootContextLoader
17:31:32.972 [main] DEBUG org.springframework.test.context.support.AbstractContextLoader - Did not detect default resource location for test class [mum.cs.cs544.finalproject.tripregistrationservice.TripregistrationServiceApplicationTests]: class path resource [mum/cs/cs544/finalproject/tripregistrationservice/TripregistrationServiceApplicationTests-context.xml] does not exist
17:31:32.972 [main] DEBUG org.springframework.test.context.support.AbstractContextLoader - Did not detect default resource location for test class [mum.cs.cs544.finalproject.tripregistrationservice.TripregistrationServiceApplicationTests]: class path resource [mum/cs/cs544/finalproject/tripregistrationservice/TripregistrationServiceApplicationTestsContext.groovy] does not exist
17:31:32.972 [main] INFO org.springframework.test.context.support.AbstractContextLoader - Could not detect default resource locations for test class [mum.cs.cs544.finalproject.tripregistrationservice.TripregistrationServiceApplicationTests]: no resource found for suffixes {-context.xml, Context.groovy}.
17:31:32.975 [main] INFO org.springframework.test.context.support.AnnotationConfigContextLoaderUtils - Could not detect default configuration classes for test class [mum.cs.cs544.finalproject.tripregistrationservice.TripregistrationServiceApplicationTests]: TripregistrationServiceApplicationTests does not declare any static, non-private, non-final, nested classes annotated with @Configuration.
17:31:33.051 [main] DEBUG org.springframework.test.context.support.ActiveProfilesUtils - Could not find an 'annotation declaring class' for annotation type [org.springframework.test.context.ActiveProfiles] and class [mum.cs.cs544.finalproject.tripregistrationservice.TripregistrationServiceApplicationTests]
17:31:33.307 [main] DEBUG org.springframework.context.annotation.ClassPathScanningCandidateComponentProvider - Identified candidate component class: file [/Users/user/Desktop/MUM/EA-CS544/Projects/Carpool/tripRegistrationService/target/classes/mum/cs/cs544/finalproject/tripregistrationservice/TripregistrationServiceApplication.class]
17:31:33.309 [main] INFO org.springframework.boot.test.context.SpringBootTestContextBootstrapper - Found @SpringBootConfiguration mum.cs.cs544.finalproject.tripregistrationservice.TripregistrationServiceApplication for test class mum.cs.cs544.finalproject.tripregistrationservice.TripregistrationServiceApplicationTests
17:31:33.613 [main] DEBUG org.springframework.boot.test.context.SpringBootTestContextBootstrapper - @TestExecutionListeners is not present for class [mum.cs.cs544.finalproject.tripregistrationservice.TripregistrationServiceApplicationTests]: using defaults.
17:31:33.615 [main] INFO org.springframework.boot.test.context.SpringBootTestContextBootstrapper - Loaded default TestExecutionListener class names from location [META-INF/spring.factories]: [org.springframework.boot.test.mock.mockito.MockitoTestExecutionListener, org.springframework.boot.test.mock.mockito.ResetMocksTestExecutionListener, org.springframework.boot.test.autoconfigure.restdocs.RestDocsTestExecutionListener, org.springframework.boot.test.autoconfigure.web.client.MockRestServiceServerResetTestExecutionListener, org.springframework.boot.test.autoconfigure.web.servlet.MockMvcPrintOnlyOnFailureTestExecutionListener, org.springframework.boot.test.autoconfigure.web.servlet.WebDriverTestExecutionListener, org.springframework.test.context.web.ServletTestExecutionListener, org.springframework.test.context.support.DirtiesContextBeforeModesTestExecutionListener, org.springframework.test.context.support.DependencyInjectionTestExecutionListener, org.springframework.test.context.support.DirtiesContextTestExecutionListener, org.springframework.test.context.transaction.TransactionalTestExecutionListener, org.springframework.test.context.jdbc.SqlScriptsTestExecutionListener, org.springframework.test.context.event.EventPublishingTestExecutionListener]
17:31:33.647 [main] INFO org.springframework.boot.test.context.SpringBootTestContextBootstrapper - Using TestExecutionListeners: [org.springframework.test.context.web.ServletTestExecutionListener@485966cc, org.springframework.test.context.support.DirtiesContextBeforeModesTestExecutionListener@1de76cc7, org.springframework.boot.test.mock.mockito.MockitoTestExecutionListener@54bff557, org.springframework.boot.test.autoconfigure.SpringBootDependencyInjectionTestExecutionListener@593aaf41, org.springframework.test.context.support.DirtiesContextTestExecutionListener@5a56cdac, org.springframework.test.context.transaction.TransactionalTestExecutionListener@7c711375, org.springframework.test.context.jdbc.SqlScriptsTestExecutionListener@57cf54e1, org.springframework.test.context.event.EventPublishingTestExecutionListener@5b03b9fe, org.springframework.boot.test.mock.mockito.ResetMocksTestExecutionListener@37d4349f, org.springframework.boot.test.autoconfigure.restdocs.RestDocsTestExecutionListener@434a63ab, org.springframework.boot.test.autoconfigure.web.client.MockRestServiceServerResetTestExecutionListener@6e0f5f7f, org.springframework.boot.test.autoconfigure.web.servlet.MockMvcPrintOnlyOnFailureTestExecutionListener@2805d709, org.springframework.boot.test.autoconfigure.web.servlet.WebDriverTestExecutionListener@3ee37e5a]
17:31:33.654 [main] DEBUG org.springframework.test.context.support.AbstractDirtiesContextTestExecutionListener - Before test class: context [DefaultTestContext@2c1b194a testClass = TripregistrationServiceApplicationTests, testInstance = [null], testMethod = [null], testException = [null], mergedContextConfiguration = [WebMergedContextConfiguration@4dbb42b7 testClass = TripregistrationServiceApplicationTests, locations = '{}', classes = '{class mum.cs.cs544.finalproject.tripregistrationservice.TripregistrationServiceApplication}', contextInitializerClasses = '[]', activeProfiles = '{}', propertySourceLocations = '{}', propertySourceProperties = '{org.springframework.boot.test.context.SpringBootTestContextBootstrapper=true}', contextCustomizers = set[org.springframework.boot.test.context.filter.ExcludeFilterContextCustomizer@78e117e3, org.springframework.boot.test.json.DuplicateJsonObjectContextCustomizerFactory$DuplicateJsonObjectContextCustomizer@363ee3a2, org.springframework.boot.test.mock.mockito.MockitoContextCustomizer@0, org.springframework.boot.test.web.client.TestRestTemplateContextCustomizer@35047d03, org.springframework.boot.test.autoconfigure.properties.PropertyMappingContextCustomizer@0, org.springframework.boot.test.autoconfigure.web.servlet.WebDriverContextCustomizerFactory$Customizer@19bb07ed], resourceBasePath = 'src/main/webapp', contextLoader = 'org.springframework.boot.test.context.SpringBootContextLoader', parent = [null]], attributes = map['org.springframework.test.context.web.ServletTestExecutionListener.activateListener' -> true]], class annotated with @DirtiesContext [false] with mode [null].
17:31:33.696 [main] DEBUG org.springframework.test.context.support.TestPropertySourceUtils - Adding inlined properties to environment: {spring.jmx.enabled=false, org.springframework.boot.test.context.SpringBootTestContextBootstrapper=true, server.port=-1}

  .   ____          _            __ _ _
 /\\ / ___'_ __ _ _(_)_ __  __ _ \ \ \ \
( ( )\___ | '_ | '_| | '_ \/ _` | \ \ \ \
 \\/  ___)| |_)| | | | | || (_| |  ) ) ) )
  '  |____| .__|_| |_|_| |_\__, | / / / /
 =========|_|==============|___/=/_/_/_/
 :: Spring Boot ::        (v2.2.1.RELEASE)

2019-11-20 17:31:34.566  INFO 11343 --- [           main] .TripregistrationServiceApplicationTests : Starting TripregistrationServiceApplicationTests on Users-MacBook-Pro-7.local with PID 11343 (started by user in /Users/user/Desktop/MUM/EA-CS544/Projects/Carpool/tripRegistrationService)
2019-11-20 17:31:34.569  INFO 11343 --- [           main] .TripregistrationServiceApplicationTests : No active profile set, falling back to default profiles: default
2019-11-20 17:31:35.788  INFO 11343 --- [           main] .s.d.r.c.RepositoryConfigurationDelegate : Bootstrapping Spring Data repositories in DEFAULT mode.
2019-11-20 17:31:35.820  INFO 11343 --- [           main] .s.d.r.c.RepositoryConfigurationDelegate : Finished Spring Data repository scanning in 16ms. Found 0 repository interfaces.
2019-11-20 17:31:36.249  INFO 11343 --- [           main] .s.d.r.c.RepositoryConfigurationDelegate : Bootstrapping Spring Data repositories in DEFAULT mode.
2019-11-20 17:31:36.332  INFO 11343 --- [           main] .s.d.r.c.RepositoryConfigurationDelegate : Finished Spring Data repository scanning in 82ms. Found 0 repository interfaces.
2019-11-20 17:31:36.339  INFO 11343 --- [           main] .s.d.r.c.RepositoryConfigurationDelegate : Bootstrapping Spring Data repositories in DEFAULT mode.
2019-11-20 17:31:36.384  INFO 11343 --- [           main] .s.d.r.c.RepositoryConfigurationDelegate : Finished Spring Data repository scanning in 44ms. Found 1 repository interfaces.
2019-11-20 17:31:38.222  INFO 11343 --- [           main] com.datastax.driver.core                 : DataStax Java driver 3.7.2 for Apache Cassandra
2019-11-20 17:31:38.267  INFO 11343 --- [           main] c.d.driver.core.GuavaCompatibility       : Detected Guava >= 19 in the classpath, using modern compatibility layer
2019-11-20 17:31:38.736  INFO 11343 --- [           main] com.datastax.driver.core.ClockFactory    : Using native clock to generate timestamps.
2019-11-20 17:31:39.483  INFO 11343 --- [           main] com.datastax.driver.core.NettyUtil       : Did not find Netty's native epoll transport in the classpath, defaulting to NIO.
2019-11-20 17:31:40.233  WARN 11343 --- [           main] o.s.w.c.s.GenericWebApplicationContext   : Exception encountered during context initialization - cancelling refresh attempt: org.springframework.beans.factory.UnsatisfiedDependencyException: Error creating bean with name 'reserveListener': Unsatisfied dependency expressed through field 'tripRegistrationTableService'; nested exception is org.springframework.beans.factory.UnsatisfiedDependencyException: Error creating bean with name 'tripRegistrationTableServiceImpl': Unsatisfied dependency expressed through field 'tripRegistrationTableRepository'; nested exception is org.springframework.beans.factory.BeanCreationException: Error creating bean with name 'tripRegistrationTableRepository': Cannot resolve reference to bean 'cassandraTemplate' while setting bean property 'cassandraTemplate'; nested exception is org.springframework.beans.factory.BeanCreationException: Error creating bean with name 'cassandraTemplate' defined in class path resource [mum/cs/cs544/finalproject/tripregistrationservice/cassandraconfig/TripRegistrationCassandraConfig.class]: Bean instantiation via factory method failed; nested exception is org.springframework.beans.BeanInstantiationException: Failed to instantiate [org.springframework.data.cassandra.core.CassandraAdminTemplate]: Factory method 'cassandraTemplate' threw exception; nested exception is org.springframework.beans.factory.BeanCreationException: Error creating bean with name 'sessionFactory' defined in class path resource [mum/cs/cs544/finalproject/tripregistrationservice/cassandraconfig/TripRegistrationCassandraConfig.class]: Bean instantiation via factory method failed; nested exception is org.springframework.beans.BeanInstantiationException: Failed to instantiate [org.springframework.data.cassandra.SessionFactory]: Factory method 'sessionFactory' threw exception; nested exception is org.springframework.beans.factory.BeanCreationException: Error creating bean with name 'session' defined in class path resource [mum/cs/cs544/finalproject/tripregistrationservice/cassandraconfig/TripRegistrationCassandraConfig.class]: Invocation of init method failed; nested exception is com.datastax.driver.core.exceptions.NoHostAvailableException: All host(s) tried for query failed (tried: localhost/127.0.0.1:9042 (com.datastax.driver.core.exceptions.TransportException: [localhost/127.0.0.1:9042] Cannot connect), localhost/0:0:0:0:0:0:0:1:9042 (com.datastax.driver.core.exceptions.TransportException: [localhost/0:0:0:0:0:0:0:1:9042] Cannot connect))
2019-11-20 17:31:42.326  INFO 11343 --- [           main] ConditionEvaluationReportLoggingListener : 

Error starting ApplicationContext. To display the conditions report re-run your application with 'debug' enabled.
2019-11-20 17:31:42.341 ERROR 11343 --- [           main] o.s.boot.SpringApplication               : Application run failed

org.springframework.beans.factory.UnsatisfiedDependencyException: Error creating bean with name 'reserveListener': Unsatisfied dependency expressed through field 'tripRegistrationTableService'; nested exception is org.springframework.beans.factory.UnsatisfiedDependencyException: Error creating bean with name 'tripRegistrationTableServiceImpl': Unsatisfied dependency expressed through field 'tripRegistrationTableRepository'; nested exception is org.springframework.beans.factory.BeanCreationException: Error creating bean with name 'tripRegistrationTableRepository': Cannot resolve reference to bean 'cassandraTemplate' while setting bean property 'cassandraTemplate'; nested exception is org.springframework.beans.factory.BeanCreationException: Error creating bean with name 'cassandraTemplate' defined in class path resource [mum/cs/cs544/finalproject/tripregistrationservice/cassandraconfig/TripRegistrationCassandraConfig.class]: Bean instantiation via factory method failed; nested exception is org.springframework.beans.BeanInstantiationException: Failed to instantiate [org.springframework.data.cassandra.core.CassandraAdminTemplate]: Factory method 'cassandraTemplate' threw exception; nested exception is org.springframework.beans.factory.BeanCreationException: Error creating bean with name 'sessionFactory' defined in class path resource [mum/cs/cs544/finalproject/tripregistrationservice/cassandraconfig/TripRegistrationCassandraConfig.class]: Bean instantiation via factory method failed; nested exception is org.springframework.beans.BeanInstantiationException: Failed to instantiate [org.springframework.data.cassandra.SessionFactory]: Factory method 'sessionFactory' threw exception; nested exception is org.springframework.beans.factory.BeanCreationException: Error creating bean with name 'session' defined in class path resource [mum/cs/cs544/finalproject/tripregistrationservice/cassandraconfig/TripRegistrationCassandraConfig.class]: Invocation of init method failed; nested exception is com.datastax.driver.core.exceptions.NoHostAvailableException: All host(s) tried for query failed (tried: localhost/127.0.0.1:9042 (com.datastax.driver.core.exceptions.TransportException: [localhost/127.0.0.1:9042] Cannot connect), localhost/0:0:0:0:0:0:0:1:9042 (com.datastax.driver.core.exceptions.TransportException: [localhost/0:0:0:0:0:0:0:1:9042] Cannot connect))
	at org.springframework.beans.factory.annotation.AutowiredAnnotationBeanPostProcessor$AutowiredFieldElement.inject(AutowiredAnnotationBeanPostProcessor.java:639) ~[spring-beans-5.2.1.RELEASE.jar:5.2.1.RELEASE]
	at org.springframework.beans.factory.annotation.InjectionMetadata.inject(InjectionMetadata.java:116) ~[spring-beans-5.2.1.RELEASE.jar:5.2.1.RELEASE]
	at org.springframework.beans.factory.annotation.AutowiredAnnotationBeanPostProcessor.postProcessProperties(AutowiredAnnotationBeanPostProcessor.java:397) ~[spring-beans-5.2.1.RELEASE.jar:5.2.1.RELEASE]
	at org.springframework.beans.factory.support.AbstractAutowireCapableBeanFactory.populateBean(AbstractAutowireCapableBeanFactory.java:1429) ~[spring-beans-5.2.1.RELEASE.jar:5.2.1.RELEASE]
	at org.springframework.beans.factory.support.AbstractAutowireCapableBeanFactory.doCreateBean(AbstractAutowireCapableBeanFactory.java:594) ~[spring-beans-5.2.1.RELEASE.jar:5.2.1.RELEASE]
	at org.springframework.beans.factory.support.AbstractAutowireCapableBeanFactory.createBean(AbstractAutowireCapableBeanFactory.java:517) ~[spring-beans-5.2.1.RELEASE.jar:5.2.1.RELEASE]
	at org.springframework.beans.factory.support.AbstractBeanFactory.lambda$doGetBean$0(AbstractBeanFactory.java:323) ~[spring-beans-5.2.1.RELEASE.jar:5.2.1.RELEASE]
	at org.springframework.beans.factory.support.DefaultSingletonBeanRegistry.getSingleton(DefaultSingletonBeanRegistry.java:222) ~[spring-beans-5.2.1.RELEASE.jar:5.2.1.RELEASE]
	at org.springframework.beans.factory.support.AbstractBeanFactory.doGetBean(AbstractBeanFactory.java:321) ~[spring-beans-5.2.1.RELEASE.jar:5.2.1.RELEASE]
	at org.springframework.beans.factory.support.AbstractBeanFactory.getBean(AbstractBeanFactory.java:202) ~[spring-beans-5.2.1.RELEASE.jar:5.2.1.RELEASE]
	at org.springframework.beans.factory.support.DefaultListableBeanFactory.preInstantiateSingletons(DefaultListableBeanFactory.java:879) ~[spring-beans-5.2.1.RELEASE.jar:5.2.1.RELEASE]
	at org.springframework.context.support.AbstractApplicationContext.finishBeanFactoryInitialization(AbstractApplicationContext.java:878) ~[spring-context-5.2.1.RELEASE.jar:5.2.1.RELEASE]
	at org.springframework.context.support.AbstractApplicationContext.refresh(AbstractApplicationContext.java:550) ~[spring-context-5.2.1.RELEASE.jar:5.2.1.RELEASE]
	at org.springframework.boot.SpringApplication.refresh(SpringApplication.java:747) ~[spring-boot-2.2.1.RELEASE.jar:2.2.1.RELEASE]
	at org.springframework.boot.SpringApplication.refreshContext(SpringApplication.java:397) ~[spring-boot-2.2.1.RELEASE.jar:2.2.1.RELEASE]
	at org.springframework.boot.SpringApplication.run(SpringApplication.java:315) ~[spring-boot-2.2.1.RELEASE.jar:2.2.1.RELEASE]
	at org.springframework.boot.test.context.SpringBootContextLoader.loadContext(SpringBootContextLoader.java:125) [spring-boot-test-2.2.1.RELEASE.jar:2.2.1.RELEASE]
	at org.springframework.test.context.cache.DefaultCacheAwareContextLoaderDelegate.loadContextInternal(DefaultCacheAwareContextLoaderDelegate.java:99) [spring-test-5.2.1.RELEASE.jar:5.2.1.RELEASE]
	at org.springframework.test.context.cache.DefaultCacheAwareContextLoaderDelegate.loadContext(DefaultCacheAwareContextLoaderDelegate.java:124) [spring-test-5.2.1.RELEASE.jar:5.2.1.RELEASE]
	at org.springframework.test.context.support.DefaultTestContext.getApplicationContext(DefaultTestContext.java:123) [spring-test-5.2.1.RELEASE.jar:5.2.1.RELEASE]
	at org.springframework.test.context.web.ServletTestExecutionListener.setUpRequestContextIfNecessary(ServletTestExecutionListener.java:190) [spring-test-5.2.1.RELEASE.jar:5.2.1.RELEASE]
	at org.springframework.test.context.web.ServletTestExecutionListener.prepareTestInstance(ServletTestExecutionListener.java:132) [spring-test-5.2.1.RELEASE.jar:5.2.1.RELEASE]
	at org.springframework.test.context.TestContextManager.prepareTestInstance(TestContextManager.java:244) [spring-test-5.2.1.RELEASE.jar:5.2.1.RELEASE]
	at org.springframework.test.context.junit.jupiter.SpringExtension.postProcessTestInstance(SpringExtension.java:98) [spring-test-5.2.1.RELEASE.jar:5.2.1.RELEASE]
	at org.junit.jupiter.engine.descriptor.ClassBasedTestDescriptor.lambda$invokeTestInstancePostProcessors$5(ClassBasedTestDescriptor.java:337) [junit-jupiter-engine-5.5.2.jar:5.5.2]
	at org.junit.jupiter.engine.descriptor.ClassBasedTestDescriptor.executeAndMaskThrowable(ClassBasedTestDescriptor.java:342) [junit-jupiter-engine-5.5.2.jar:5.5.2]
	at org.junit.jupiter.engine.descriptor.ClassBasedTestDescriptor.lambda$invokeTestInstancePostProcessors$6(ClassBasedTestDescriptor.java:337) [junit-jupiter-engine-5.5.2.jar:5.5.2]
	at java.util.stream.ReferencePipeline$3$1.accept(ReferencePipeline.java:193) ~[na:1.8.0_221]
	at java.util.stream.ReferencePipeline$2$1.accept(ReferencePipeline.java:175) ~[na:1.8.0_221]
	at java.util.ArrayList$ArrayListSpliterator.forEachRemaining(ArrayList.java:1382) ~[na:1.8.0_221]
	at java.util.stream.AbstractPipeline.copyInto(AbstractPipeline.java:482) ~[na:1.8.0_221]
	at java.util.stream.AbstractPipeline.wrapAndCopyInto(AbstractPipeline.java:472) ~[na:1.8.0_221]
	at java.util.stream.StreamSpliterators$WrappingSpliterator.forEachRemaining(StreamSpliterators.java:312) ~[na:1.8.0_221]
	at java.util.stream.Streams$ConcatSpliterator.forEachRemaining(Streams.java:743) ~[na:1.8.0_221]
	at java.util.stream.Streams$ConcatSpliterator.forEachRemaining(Streams.java:742) ~[na:1.8.0_221]
	at java.util.stream.ReferencePipeline$Head.forEach(ReferencePipeline.java:580) ~[na:1.8.0_221]
	at org.junit.jupiter.engine.descriptor.ClassBasedTestDescriptor.invokeTestInstancePostProcessors(ClassBasedTestDescriptor.java:336) [junit-jupiter-engine-5.5.2.jar:5.5.2]
	at org.junit.jupiter.engine.descriptor.ClassBasedTestDescriptor.instantiateAndPostProcessTestInstance(ClassBasedTestDescriptor.java:259) [junit-jupiter-engine-5.5.2.jar:5.5.2]
	at org.junit.jupiter.engine.descriptor.ClassBasedTestDescriptor.lambda$testInstancesProvider$2(ClassBasedTestDescriptor.java:252) [junit-jupiter-engine-5.5.2.jar:5.5.2]
	at java.util.Optional.orElseGet(Optional.java:267) ~[na:1.8.0_221]
	at org.junit.jupiter.engine.descriptor.ClassBasedTestDescriptor.lambda$testInstancesProvider$3(ClassBasedTestDescriptor.java:251) [junit-jupiter-engine-5.5.2.jar:5.5.2]
	at org.junit.jupiter.engine.execution.TestInstancesProvider.getTestInstances(TestInstancesProvider.java:29) ~[junit-jupiter-engine-5.5.2.jar:5.5.2]
	at org.junit.jupiter.engine.descriptor.TestMethodTestDescriptor.lambda$prepare$0(TestMethodTestDescriptor.java:106) ~[junit-jupiter-engine-5.5.2.jar:5.5.2]
	at org.junit.platform.engine.support.hierarchical.ThrowableCollector.execute(ThrowableCollector.java:73) ~[junit-platform-engine-1.5.2.jar:1.5.2]
	at org.junit.jupiter.engine.descriptor.TestMethodTestDescriptor.prepare(TestMethodTestDescriptor.java:105) ~[junit-jupiter-engine-5.5.2.jar:5.5.2]
	at org.junit.jupiter.engine.descriptor.TestMethodTestDescriptor.prepare(TestMethodTestDescriptor.java:69) ~[junit-jupiter-engine-5.5.2.jar:5.5.2]
	at org.junit.platform.engine.support.hierarchical.NodeTestTask.lambda$prepare$1(NodeTestTask.java:107) ~[junit-platform-engine-1.5.2.jar:1.5.2]
	at org.junit.platform.engine.support.hierarchical.ThrowableCollector.execute(ThrowableCollector.java:73) ~[junit-platform-engine-1.5.2.jar:1.5.2]
	at org.junit.platform.engine.support.hierarchical.NodeTestTask.prepare(NodeTestTask.java:107) ~[junit-platform-engine-1.5.2.jar:1.5.2]
	at org.junit.platform.engine.support.hierarchical.NodeTestTask.execute(NodeTestTask.java:75) ~[junit-platform-engine-1.5.2.jar:1.5.2]
	at java.util.ArrayList.forEach(ArrayList.java:1257) ~[na:1.8.0_221]
	at org.junit.platform.engine.support.hierarchical.SameThreadHierarchicalTestExecutorService.invokeAll(SameThreadHierarchicalTestExecutorService.java:38) ~[junit-platform-engine-1.5.2.jar:1.5.2]
	at org.junit.platform.engine.support.hierarchical.NodeTestTask.lambda$executeRecursively$5(NodeTestTask.java:139) ~[junit-platform-engine-1.5.2.jar:1.5.2]
	at org.junit.platform.engine.support.hierarchical.ThrowableCollector.execute(ThrowableCollector.java:73) ~[junit-platform-engine-1.5.2.jar:1.5.2]
	at org.junit.platform.engine.support.hierarchical.NodeTestTask.lambda$executeRecursively$7(NodeTestTask.java:125) ~[junit-platform-engine-1.5.2.jar:1.5.2]
	at org.junit.platform.engine.support.hierarchical.Node.around(Node.java:135) ~[junit-platform-engine-1.5.2.jar:1.5.2]
	at org.junit.platform.engine.support.hierarchical.NodeTestTask.lambda$executeRecursively$8(NodeTestTask.java:123) ~[junit-platform-engine-1.5.2.jar:1.5.2]
	at org.junit.platform.engine.support.hierarchical.ThrowableCollector.execute(ThrowableCollector.java:73) ~[junit-platform-engine-1.5.2.jar:1.5.2]
	at org.junit.platform.engine.support.hierarchical.NodeTestTask.executeRecursively(NodeTestTask.java:122) ~[junit-platform-engine-1.5.2.jar:1.5.2]
	at org.junit.platform.engine.support.hierarchical.NodeTestTask.execute(NodeTestTask.java:80) ~[junit-platform-engine-1.5.2.jar:1.5.2]
	at java.util.ArrayList.forEach(ArrayList.java:1257) ~[na:1.8.0_221]
	at org.junit.platform.engine.support.hierarchical.SameThreadHierarchicalTestExecutorService.invokeAll(SameThreadHierarchicalTestExecutorService.java:38) ~[junit-platform-engine-1.5.2.jar:1.5.2]
	at org.junit.platform.engine.support.hierarchical.NodeTestTask.lambda$executeRecursively$5(NodeTestTask.java:139) ~[junit-platform-engine-1.5.2.jar:1.5.2]
	at org.junit.platform.engine.support.hierarchical.ThrowableCollector.execute(ThrowableCollector.java:73) ~[junit-platform-engine-1.5.2.jar:1.5.2]
	at org.junit.platform.engine.support.hierarchical.NodeTestTask.lambda$executeRecursively$7(NodeTestTask.java:125) ~[junit-platform-engine-1.5.2.jar:1.5.2]
	at org.junit.platform.engine.support.hierarchical.Node.around(Node.java:135) ~[junit-platform-engine-1.5.2.jar:1.5.2]
	at org.junit.platform.engine.support.hierarchical.NodeTestTask.lambda$executeRecursively$8(NodeTestTask.java:123) ~[junit-platform-engine-1.5.2.jar:1.5.2]
	at org.junit.platform.engine.support.hierarchical.ThrowableCollector.execute(ThrowableCollector.java:73) ~[junit-platform-engine-1.5.2.jar:1.5.2]
	at org.junit.platform.engine.support.hierarchical.NodeTestTask.executeRecursively(NodeTestTask.java:122) ~[junit-platform-engine-1.5.2.jar:1.5.2]
	at org.junit.platform.engine.support.hierarchical.NodeTestTask.execute(NodeTestTask.java:80) ~[junit-platform-engine-1.5.2.jar:1.5.2]
	at org.junit.platform.engine.support.hierarchical.SameThreadHierarchicalTestExecutorService.submit(SameThreadHierarchicalTestExecutorService.java:32) ~[junit-platform-engine-1.5.2.jar:1.5.2]
	at org.junit.platform.engine.support.hierarchical.HierarchicalTestExecutor.execute(HierarchicalTestExecutor.java:57) ~[junit-platform-engine-1.5.2.jar:1.5.2]
	at org.junit.platform.engine.support.hierarchical.HierarchicalTestEngine.execute(HierarchicalTestEngine.java:51) ~[junit-platform-engine-1.5.2.jar:1.5.2]
	at org.junit.platform.launcher.core.DefaultLauncher.execute(DefaultLauncher.java:220) ~[junit-platform-launcher-1.3.1.jar:1.3.1]
	at org.junit.platform.launcher.core.DefaultLauncher.lambda$execute$6(DefaultLauncher.java:188) ~[junit-platform-launcher-1.3.1.jar:1.3.1]
	at org.junit.platform.launcher.core.DefaultLauncher.withInterceptedStreams(DefaultLauncher.java:202) ~[junit-platform-launcher-1.3.1.jar:1.3.1]
	at org.junit.platform.launcher.core.DefaultLauncher.execute(DefaultLauncher.java:181) ~[junit-platform-launcher-1.3.1.jar:1.3.1]
	at org.junit.platform.launcher.core.DefaultLauncher.execute(DefaultLauncher.java:128) ~[junit-platform-launcher-1.3.1.jar:1.3.1]
	at org.apache.maven.surefire.junitplatform.JUnitPlatformProvider.invokeAllTests(JUnitPlatformProvider.java:150) ~[surefire-junit-platform-2.22.2.jar:2.22.2]
	at org.apache.maven.surefire.junitplatform.JUnitPlatformProvider.invoke(JUnitPlatformProvider.java:124) ~[surefire-junit-platform-2.22.2.jar:2.22.2]
	at org.apache.maven.surefire.booter.ForkedBooter.invokeProviderInSameClassLoader(ForkedBooter.java:384) ~[surefire-booter-2.22.2.jar:2.22.2]
	at org.apache.maven.surefire.booter.ForkedBooter.runSuitesInProcess(ForkedBooter.java:345) ~[surefire-booter-2.22.2.jar:2.22.2]
	at org.apache.maven.surefire.booter.ForkedBooter.execute(ForkedBooter.java:126) ~[surefire-booter-2.22.2.jar:2.22.2]
	at org.apache.maven.surefire.booter.ForkedBooter.main(ForkedBooter.java:418) ~[surefire-booter-2.22.2.jar:2.22.2]
Caused by: org.springframework.beans.factory.UnsatisfiedDependencyException: Error creating bean with name 'tripRegistrationTableServiceImpl': Unsatisfied dependency expressed through field 'tripRegistrationTableRepository'; nested exception is org.springframework.beans.factory.BeanCreationException: Error creating bean with name 'tripRegistrationTableRepository': Cannot resolve reference to bean 'cassandraTemplate' while setting bean property 'cassandraTemplate'; nested exception is org.springframework.beans.factory.BeanCreationException: Error creating bean with name 'cassandraTemplate' defined in class path resource [mum/cs/cs544/finalproject/tripregistrationservice/cassandraconfig/TripRegistrationCassandraConfig.class]: Bean instantiation via factory method failed; nested exception is org.springframework.beans.BeanInstantiationException: Failed to instantiate [org.springframework.data.cassandra.core.CassandraAdminTemplate]: Factory method 'cassandraTemplate' threw exception; nested exception is org.springframework.beans.factory.BeanCreationException: Error creating bean with name 'sessionFactory' defined in class path resource [mum/cs/cs544/finalproject/tripregistrationservice/cassandraconfig/TripRegistrationCassandraConfig.class]: Bean instantiation via factory method failed; nested exception is org.springframework.beans.BeanInstantiationException: Failed to instantiate [org.springframework.data.cassandra.SessionFactory]: Factory method 'sessionFactory' threw exception; nested exception is org.springframework.beans.factory.BeanCreationException: Error creating bean with name 'session' defined in class path resource [mum/cs/cs544/finalproject/tripregistrationservice/cassandraconfig/TripRegistrationCassandraConfig.class]: Invocation of init method failed; nested exception is com.datastax.driver.core.exceptions.NoHostAvailableException: All host(s) tried for query failed (tried: localhost/127.0.0.1:9042 (com.datastax.driver.core.exceptions.TransportException: [localhost/127.0.0.1:9042] Cannot connect), localhost/0:0:0:0:0:0:0:1:9042 (com.datastax.driver.core.exceptions.TransportException: [localhost/0:0:0:0:0:0:0:1:9042] Cannot connect))
	at org.springframework.beans.factory.annotation.AutowiredAnnotationBeanPostProcessor$AutowiredFieldElement.inject(AutowiredAnnotationBeanPostProcessor.java:639) ~[spring-beans-5.2.1.RELEASE.jar:5.2.1.RELEASE]
	at org.springframework.beans.factory.annotation.InjectionMetadata.inject(InjectionMetadata.java:116) ~[spring-beans-5.2.1.RELEASE.jar:5.2.1.RELEASE]
	at org.springframework.beans.factory.annotation.AutowiredAnnotationBeanPostProcessor.postProcessProperties(AutowiredAnnotationBeanPostProcessor.java:397) ~[spring-beans-5.2.1.RELEASE.jar:5.2.1.RELEASE]
	at org.springframework.beans.factory.support.AbstractAutowireCapableBeanFactory.populateBean(AbstractAutowireCapableBeanFactory.java:1429) ~[spring-beans-5.2.1.RELEASE.jar:5.2.1.RELEASE]
	at org.springframework.beans.factory.support.AbstractAutowireCapableBeanFactory.doCreateBean(AbstractAutowireCapableBeanFactory.java:594) ~[spring-beans-5.2.1.RELEASE.jar:5.2.1.RELEASE]
	at org.springframework.beans.factory.support.AbstractAutowireCapableBeanFactory.createBean(AbstractAutowireCapableBeanFactory.java:517) ~[spring-beans-5.2.1.RELEASE.jar:5.2.1.RELEASE]
	at org.springframework.beans.factory.support.AbstractBeanFactory.lambda$doGetBean$0(AbstractBeanFactory.java:323) ~[spring-beans-5.2.1.RELEASE.jar:5.2.1.RELEASE]
	at org.springframework.beans.factory.support.DefaultSingletonBeanRegistry.getSingleton(DefaultSingletonBeanRegistry.java:222) ~[spring-beans-5.2.1.RELEASE.jar:5.2.1.RELEASE]
	at org.springframework.beans.factory.support.AbstractBeanFactory.doGetBean(AbstractBeanFactory.java:321) ~[spring-beans-5.2.1.RELEASE.jar:5.2.1.RELEASE]
	at org.springframework.beans.factory.support.AbstractBeanFactory.getBean(AbstractBeanFactory.java:202) ~[spring-beans-5.2.1.RELEASE.jar:5.2.1.RELEASE]
	at org.springframework.beans.factory.config.DependencyDescriptor.resolveCandidate(DependencyDescriptor.java:276) ~[spring-beans-5.2.1.RELEASE.jar:5.2.1.RELEASE]
	at org.springframework.beans.factory.support.DefaultListableBeanFactory.doResolveDependency(DefaultListableBeanFactory.java:1287) ~[spring-beans-5.2.1.RELEASE.jar:5.2.1.RELEASE]
	at org.springframework.beans.factory.support.DefaultListableBeanFactory.resolveDependency(DefaultListableBeanFactory.java:1207) ~[spring-beans-5.2.1.RELEASE.jar:5.2.1.RELEASE]
	at org.springframework.beans.factory.annotation.AutowiredAnnotationBeanPostProcessor$AutowiredFieldElement.inject(AutowiredAnnotationBeanPostProcessor.java:636) ~[spring-beans-5.2.1.RELEASE.jar:5.2.1.RELEASE]
	... 83 common frames omitted
Caused by: org.springframework.beans.factory.BeanCreationException: Error creating bean with name 'tripRegistrationTableRepository': Cannot resolve reference to bean 'cassandraTemplate' while setting bean property 'cassandraTemplate'; nested exception is org.springframework.beans.factory.BeanCreationException: Error creating bean with name 'cassandraTemplate' defined in class path resource [mum/cs/cs544/finalproject/tripregistrationservice/cassandraconfig/TripRegistrationCassandraConfig.class]: Bean instantiation via factory method failed; nested exception is org.springframework.beans.BeanInstantiationException: Failed to instantiate [org.springframework.data.cassandra.core.CassandraAdminTemplate]: Factory method 'cassandraTemplate' threw exception; nested exception is org.springframework.beans.factory.BeanCreationException: Error creating bean with name 'sessionFactory' defined in class path resource [mum/cs/cs544/finalproject/tripregistrationservice/cassandraconfig/TripRegistrationCassandraConfig.class]: Bean instantiation via factory method failed; nested exception is org.springframework.beans.BeanInstantiationException: Failed to instantiate [org.springframework.data.cassandra.SessionFactory]: Factory method 'sessionFactory' threw exception; nested exception is org.springframework.beans.factory.BeanCreationException: Error creating bean with name 'session' defined in class path resource [mum/cs/cs544/finalproject/tripregistrationservice/cassandraconfig/TripRegistrationCassandraConfig.class]: Invocation of init method failed; nested exception is com.datastax.driver.core.exceptions.NoHostAvailableException: All host(s) tried for query failed (tried: localhost/127.0.0.1:9042 (com.datastax.driver.core.exceptions.TransportException: [localhost/127.0.0.1:9042] Cannot connect), localhost/0:0:0:0:0:0:0:1:9042 (com.datastax.driver.core.exceptions.TransportException: [localhost/0:0:0:0:0:0:0:1:9042] Cannot connect))
	at org.springframework.beans.factory.support.BeanDefinitionValueResolver.resolveReference(BeanDefinitionValueResolver.java:342) ~[spring-beans-5.2.1.RELEASE.jar:5.2.1.RELEASE]
	at org.springframework.beans.factory.support.BeanDefinitionValueResolver.resolveValueIfNecessary(BeanDefinitionValueResolver.java:113) ~[spring-beans-5.2.1.RELEASE.jar:5.2.1.RELEASE]
	at org.springframework.beans.factory.support.AbstractAutowireCapableBeanFactory.applyPropertyValues(AbstractAutowireCapableBeanFactory.java:1706) ~[spring-beans-5.2.1.RELEASE.jar:5.2.1.RELEASE]
	at org.springframework.beans.factory.support.AbstractAutowireCapableBeanFactory.populateBean(AbstractAutowireCapableBeanFactory.java:1451) ~[spring-beans-5.2.1.RELEASE.jar:5.2.1.RELEASE]
	at org.springframework.beans.factory.support.AbstractAutowireCapableBeanFactory.doCreateBean(AbstractAutowireCapableBeanFactory.java:594) ~[spring-beans-5.2.1.RELEASE.jar:5.2.1.RELEASE]
	at org.springframework.beans.factory.support.AbstractAutowireCapableBeanFactory.createBean(AbstractAutowireCapableBeanFactory.java:517) ~[spring-beans-5.2.1.RELEASE.jar:5.2.1.RELEASE]
	at org.springframework.beans.factory.support.AbstractBeanFactory.lambda$doGetBean$0(AbstractBeanFactory.java:323) ~[spring-beans-5.2.1.RELEASE.jar:5.2.1.RELEASE]
	at org.springframework.beans.factory.support.DefaultSingletonBeanRegistry.getSingleton(DefaultSingletonBeanRegistry.java:222) ~[spring-beans-5.2.1.RELEASE.jar:5.2.1.RELEASE]
	at org.springframework.beans.factory.support.AbstractBeanFactory.doGetBean(AbstractBeanFactory.java:321) ~[spring-beans-5.2.1.RELEASE.jar:5.2.1.RELEASE]
	at org.springframework.beans.factory.support.AbstractBeanFactory.getBean(AbstractBeanFactory.java:202) ~[spring-beans-5.2.1.RELEASE.jar:5.2.1.RELEASE]
	at org.springframework.beans.factory.config.DependencyDescriptor.resolveCandidate(DependencyDescriptor.java:276) ~[spring-beans-5.2.1.RELEASE.jar:5.2.1.RELEASE]
	at org.springframework.beans.factory.support.DefaultListableBeanFactory.doResolveDependency(DefaultListableBeanFactory.java:1287) ~[spring-beans-5.2.1.RELEASE.jar:5.2.1.RELEASE]
	at org.springframework.beans.factory.support.DefaultListableBeanFactory.resolveDependency(DefaultListableBeanFactory.java:1207) ~[spring-beans-5.2.1.RELEASE.jar:5.2.1.RELEASE]
	at org.springframework.beans.factory.annotation.AutowiredAnnotationBeanPostProcessor$AutowiredFieldElement.inject(AutowiredAnnotationBeanPostProcessor.java:636) ~[spring-beans-5.2.1.RELEASE.jar:5.2.1.RELEASE]
	... 96 common frames omitted
Caused by: org.springframework.beans.factory.BeanCreationException: Error creating bean with name 'cassandraTemplate' defined in class path resource [mum/cs/cs544/finalproject/tripregistrationservice/cassandraconfig/TripRegistrationCassandraConfig.class]: Bean instantiation via factory method failed; nested exception is org.springframework.beans.BeanInstantiationException: Failed to instantiate [org.springframework.data.cassandra.core.CassandraAdminTemplate]: Factory method 'cassandraTemplate' threw exception; nested exception is org.springframework.beans.factory.BeanCreationException: Error creating bean with name 'sessionFactory' defined in class path resource [mum/cs/cs544/finalproject/tripregistrationservice/cassandraconfig/TripRegistrationCassandraConfig.class]: Bean instantiation via factory method failed; nested exception is org.springframework.beans.BeanInstantiationException: Failed to instantiate [org.springframework.data.cassandra.SessionFactory]: Factory method 'sessionFactory' threw exception; nested exception is org.springframework.beans.factory.BeanCreationException: Error creating bean with name 'session' defined in class path resource [mum/cs/cs544/finalproject/tripregistrationservice/cassandraconfig/TripRegistrationCassandraConfig.class]: Invocation of init method failed; nested exception is com.datastax.driver.core.exceptions.NoHostAvailableException: All host(s) tried for query failed (tried: localhost/127.0.0.1:9042 (com.datastax.driver.core.exceptions.TransportException: [localhost/127.0.0.1:9042] Cannot connect), localhost/0:0:0:0:0:0:0:1:9042 (com.datastax.driver.core.exceptions.TransportException: [localhost/0:0:0:0:0:0:0:1:9042] Cannot connect))
	at org.springframework.beans.factory.support.ConstructorResolver.instantiate(ConstructorResolver.java:645) ~[spring-beans-5.2.1.RELEASE.jar:5.2.1.RELEASE]
	at org.springframework.beans.factory.support.ConstructorResolver.instantiateUsingFactoryMethod(ConstructorResolver.java:475) ~[spring-beans-5.2.1.RELEASE.jar:5.2.1.RELEASE]
	at org.springframework.beans.factory.support.AbstractAutowireCapableBeanFactory.instantiateUsingFactoryMethod(AbstractAutowireCapableBeanFactory.java:1338) ~[spring-beans-5.2.1.RELEASE.jar:5.2.1.RELEASE]
	at org.springframework.beans.factory.support.AbstractAutowireCapableBeanFactory.createBeanInstance(AbstractAutowireCapableBeanFactory.java:1177) ~[spring-beans-5.2.1.RELEASE.jar:5.2.1.RELEASE]
	at org.springframework.beans.factory.support.AbstractAutowireCapableBeanFactory.doCreateBean(AbstractAutowireCapableBeanFactory.java:557) ~[spring-beans-5.2.1.RELEASE.jar:5.2.1.RELEASE]
	at org.springframework.beans.factory.support.AbstractAutowireCapableBeanFactory.createBean(AbstractAutowireCapableBeanFactory.java:517) ~[spring-beans-5.2.1.RELEASE.jar:5.2.1.RELEASE]
	at org.springframework.beans.factory.support.AbstractBeanFactory.lambda$doGetBean$0(AbstractBeanFactory.java:323) ~[spring-beans-5.2.1.RELEASE.jar:5.2.1.RELEASE]
	at org.springframework.beans.factory.support.DefaultSingletonBeanRegistry.getSingleton(DefaultSingletonBeanRegistry.java:222) ~[spring-beans-5.2.1.RELEASE.jar:5.2.1.RELEASE]
	at org.springframework.beans.factory.support.AbstractBeanFactory.doGetBean(AbstractBeanFactory.java:321) ~[spring-beans-5.2.1.RELEASE.jar:5.2.1.RELEASE]
	at org.springframework.beans.factory.support.AbstractBeanFactory.getBean(AbstractBeanFactory.java:202) ~[spring-beans-5.2.1.RELEASE.jar:5.2.1.RELEASE]
	at org.springframework.beans.factory.support.BeanDefinitionValueResolver.resolveReference(BeanDefinitionValueResolver.java:330) ~[spring-beans-5.2.1.RELEASE.jar:5.2.1.RELEASE]
	... 109 common frames omitted
Caused by: org.springframework.beans.BeanInstantiationException: Failed to instantiate [org.springframework.data.cassandra.core.CassandraAdminTemplate]: Factory method 'cassandraTemplate' threw exception; nested exception is org.springframework.beans.factory.BeanCreationException: Error creating bean with name 'sessionFactory' defined in class path resource [mum/cs/cs544/finalproject/tripregistrationservice/cassandraconfig/TripRegistrationCassandraConfig.class]: Bean instantiation via factory method failed; nested exception is org.springframework.beans.BeanInstantiationException: Failed to instantiate [org.springframework.data.cassandra.SessionFactory]: Factory method 'sessionFactory' threw exception; nested exception is org.springframework.beans.factory.BeanCreationException: Error creating bean with name 'session' defined in class path resource [mum/cs/cs544/finalproject/tripregistrationservice/cassandraconfig/TripRegistrationCassandraConfig.class]: Invocation of init method failed; nested exception is com.datastax.driver.core.exceptions.NoHostAvailableException: All host(s) tried for query failed (tried: localhost/127.0.0.1:9042 (com.datastax.driver.core.exceptions.TransportException: [localhost/127.0.0.1:9042] Cannot connect), localhost/0:0:0:0:0:0:0:1:9042 (com.datastax.driver.core.exceptions.TransportException: [localhost/0:0:0:0:0:0:0:1:9042] Cannot connect))
	at org.springframework.beans.factory.support.SimpleInstantiationStrategy.instantiate(SimpleInstantiationStrategy.java:185) ~[spring-beans-5.2.1.RELEASE.jar:5.2.1.RELEASE]
	at org.springframework.beans.factory.support.ConstructorResolver.instantiate(ConstructorResolver.java:640) ~[spring-beans-5.2.1.RELEASE.jar:5.2.1.RELEASE]
	... 119 common frames omitted
Caused by: org.springframework.beans.factory.BeanCreationException: Error creating bean with name 'sessionFactory' defined in class path resource [mum/cs/cs544/finalproject/tripregistrationservice/cassandraconfig/TripRegistrationCassandraConfig.class]: Bean instantiation via factory method failed; nested exception is org.springframework.beans.BeanInstantiationException: Failed to instantiate [org.springframework.data.cassandra.SessionFactory]: Factory method 'sessionFactory' threw exception; nested exception is org.springframework.beans.factory.BeanCreationException: Error creating bean with name 'session' defined in class path resource [mum/cs/cs544/finalproject/tripregistrationservice/cassandraconfig/TripRegistrationCassandraConfig.class]: Invocation of init method failed; nested exception is com.datastax.driver.core.exceptions.NoHostAvailableException: All host(s) tried for query failed (tried: localhost/127.0.0.1:9042 (com.datastax.driver.core.exceptions.TransportException: [localhost/127.0.0.1:9042] Cannot connect), localhost/0:0:0:0:0:0:0:1:9042 (com.datastax.driver.core.exceptions.TransportException: [localhost/0:0:0:0:0:0:0:1:9042] Cannot connect))
	at org.springframework.beans.factory.support.ConstructorResolver.instantiate(ConstructorResolver.java:645) ~[spring-beans-5.2.1.RELEASE.jar:5.2.1.RELEASE]
	at org.springframework.beans.factory.support.ConstructorResolver.instantiateUsingFactoryMethod(ConstructorResolver.java:475) ~[spring-beans-5.2.1.RELEASE.jar:5.2.1.RELEASE]
	at org.springframework.beans.factory.support.AbstractAutowireCapableBeanFactory.instantiateUsingFactoryMethod(AbstractAutowireCapableBeanFactory.java:1338) ~[spring-beans-5.2.1.RELEASE.jar:5.2.1.RELEASE]
	at org.springframework.beans.factory.support.AbstractAutowireCapableBeanFactory.createBeanInstance(AbstractAutowireCapableBeanFactory.java:1177) ~[spring-beans-5.2.1.RELEASE.jar:5.2.1.RELEASE]
	at org.springframework.beans.factory.support.AbstractAutowireCapableBeanFactory.doCreateBean(AbstractAutowireCapableBeanFactory.java:557) ~[spring-beans-5.2.1.RELEASE.jar:5.2.1.RELEASE]
	at org.springframework.beans.factory.support.AbstractAutowireCapableBeanFactory.createBean(AbstractAutowireCapableBeanFactory.java:517) ~[spring-beans-5.2.1.RELEASE.jar:5.2.1.RELEASE]
	at org.springframework.beans.factory.support.AbstractBeanFactory.lambda$doGetBean$0(AbstractBeanFactory.java:323) ~[spring-beans-5.2.1.RELEASE.jar:5.2.1.RELEASE]
	at org.springframework.beans.factory.support.DefaultSingletonBeanRegistry.getSingleton(DefaultSingletonBeanRegistry.java:222) ~[spring-beans-5.2.1.RELEASE.jar:5.2.1.RELEASE]
	at org.springframework.beans.factory.support.AbstractBeanFactory.doGetBean(AbstractBeanFactory.java:321) ~[spring-beans-5.2.1.RELEASE.jar:5.2.1.RELEASE]
	at org.springframework.beans.factory.support.AbstractBeanFactory.getBean(AbstractBeanFactory.java:202) ~[spring-beans-5.2.1.RELEASE.jar:5.2.1.RELEASE]
	at org.springframework.context.annotation.ConfigurationClassEnhancer$BeanMethodInterceptor.resolveBeanReference(ConfigurationClassEnhancer.java:394) ~[spring-context-5.2.1.RELEASE.jar:5.2.1.RELEASE]
	at org.springframework.context.annotation.ConfigurationClassEnhancer$BeanMethodInterceptor.intercept(ConfigurationClassEnhancer.java:366) ~[spring-context-5.2.1.RELEASE.jar:5.2.1.RELEASE]
	at mum.cs.cs544.finalproject.tripregistrationservice.cassandraconfig.TripRegistrationCassandraConfig$$EnhancerBySpringCGLIB$$3968fb5c.sessionFactory(<generated>) ~[classes/:na]
	at org.springframework.data.cassandra.config.AbstractCassandraConfiguration.cassandraTemplate(AbstractCassandraConfiguration.java:203) ~[spring-data-cassandra-2.2.1.RELEASE.jar:2.2.1.RELEASE]
	at mum.cs.cs544.finalproject.tripregistrationservice.cassandraconfig.TripRegistrationCassandraConfig$$EnhancerBySpringCGLIB$$3968fb5c.CGLIB$cassandraTemplate$5(<generated>) ~[classes/:na]
	at mum.cs.cs544.finalproject.tripregistrationservice.cassandraconfig.TripRegistrationCassandraConfig$$EnhancerBySpringCGLIB$$3968fb5c$$FastClassBySpringCGLIB$$15e91167.invoke(<generated>) ~[classes/:na]
	at org.springframework.cglib.proxy.MethodProxy.invokeSuper(MethodProxy.java:244) ~[spring-core-5.2.1.RELEASE.jar:5.2.1.RELEASE]
	at org.springframework.context.annotation.ConfigurationClassEnhancer$BeanMethodInterceptor.intercept(ConfigurationClassEnhancer.java:363) ~[spring-context-5.2.1.RELEASE.jar:5.2.1.RELEASE]
	at mum.cs.cs544.finalproject.tripregistrationservice.cassandraconfig.TripRegistrationCassandraConfig$$EnhancerBySpringCGLIB$$3968fb5c.cassandraTemplate(<generated>) ~[classes/:na]
	at sun.reflect.NativeMethodAccessorImpl.invoke0(Native Method) ~[na:1.8.0_221]
	at sun.reflect.NativeMethodAccessorImpl.invoke(NativeMethodAccessorImpl.java:62) ~[na:1.8.0_221]
	at sun.reflect.DelegatingMethodAccessorImpl.invoke(DelegatingMethodAccessorImpl.java:43) ~[na:1.8.0_221]
	at java.lang.reflect.Method.invoke(Method.java:498) ~[na:1.8.0_221]
	at org.springframework.beans.factory.support.SimpleInstantiationStrategy.instantiate(SimpleInstantiationStrategy.java:154) ~[spring-beans-5.2.1.RELEASE.jar:5.2.1.RELEASE]
	... 120 common frames omitted
Caused by: org.springframework.beans.BeanInstantiationException: Failed to instantiate [org.springframework.data.cassandra.SessionFactory]: Factory method 'sessionFactory' threw exception; nested exception is org.springframework.beans.factory.BeanCreationException: Error creating bean with name 'session' defined in class path resource [mum/cs/cs544/finalproject/tripregistrationservice/cassandraconfig/TripRegistrationCassandraConfig.class]: Invocation of init method failed; nested exception is com.datastax.driver.core.exceptions.NoHostAvailableException: All host(s) tried for query failed (tried: localhost/127.0.0.1:9042 (com.datastax.driver.core.exceptions.TransportException: [localhost/127.0.0.1:9042] Cannot connect), localhost/0:0:0:0:0:0:0:1:9042 (com.datastax.driver.core.exceptions.TransportException: [localhost/0:0:0:0:0:0:0:1:9042] Cannot connect))
	at org.springframework.beans.factory.support.SimpleInstantiationStrategy.instantiate(SimpleInstantiationStrategy.java:185) ~[spring-beans-5.2.1.RELEASE.jar:5.2.1.RELEASE]
	at org.springframework.beans.factory.support.ConstructorResolver.instantiate(ConstructorResolver.java:640) ~[spring-beans-5.2.1.RELEASE.jar:5.2.1.RELEASE]
	... 143 common frames omitted
Caused by: org.springframework.beans.factory.BeanCreationException: Error creating bean with name 'session' defined in class path resource [mum/cs/cs544/finalproject/tripregistrationservice/cassandraconfig/TripRegistrationCassandraConfig.class]: Invocation of init method failed; nested exception is com.datastax.driver.core.exceptions.NoHostAvailableException: All host(s) tried for query failed (tried: localhost/127.0.0.1:9042 (com.datastax.driver.core.exceptions.TransportException: [localhost/127.0.0.1:9042] Cannot connect), localhost/0:0:0:0:0:0:0:1:9042 (com.datastax.driver.core.exceptions.TransportException: [localhost/0:0:0:0:0:0:0:1:9042] Cannot connect))
	at org.springframework.beans.factory.support.AbstractAutowireCapableBeanFactory.initializeBean(AbstractAutowireCapableBeanFactory.java:1803) ~[spring-beans-5.2.1.RELEASE.jar:5.2.1.RELEASE]
	at org.springframework.beans.factory.support.AbstractAutowireCapableBeanFactory.doCreateBean(AbstractAutowireCapableBeanFactory.java:595) ~[spring-beans-5.2.1.RELEASE.jar:5.2.1.RELEASE]
	at org.springframework.beans.factory.support.AbstractAutowireCapableBeanFactory.createBean(AbstractAutowireCapableBeanFactory.java:517) ~[spring-beans-5.2.1.RELEASE.jar:5.2.1.RELEASE]
	at org.springframework.beans.factory.support.AbstractBeanFactory.lambda$doGetBean$0(AbstractBeanFactory.java:323) ~[spring-beans-5.2.1.RELEASE.jar:5.2.1.RELEASE]
	at org.springframework.beans.factory.support.DefaultSingletonBeanRegistry.getSingleton(DefaultSingletonBeanRegistry.java:222) ~[spring-beans-5.2.1.RELEASE.jar:5.2.1.RELEASE]
	at org.springframework.beans.factory.support.AbstractBeanFactory.doGetBean(AbstractBeanFactory.java:321) ~[spring-beans-5.2.1.RELEASE.jar:5.2.1.RELEASE]
	at org.springframework.beans.factory.support.AbstractBeanFactory.getBean(AbstractBeanFactory.java:202) ~[spring-beans-5.2.1.RELEASE.jar:5.2.1.RELEASE]
	at org.springframework.context.annotation.ConfigurationClassEnhancer$BeanMethodInterceptor.intercept(ConfigurationClassEnhancer.java:339) ~[spring-context-5.2.1.RELEASE.jar:5.2.1.RELEASE]
	at mum.cs.cs544.finalproject.tripregistrationservice.cassandraconfig.TripRegistrationCassandraConfig$$EnhancerBySpringCGLIB$$3968fb5c.session(<generated>) ~[classes/:na]
	at org.springframework.data.cassandra.config.AbstractCassandraConfiguration.getRequiredSession(AbstractCassandraConfiguration.java:67) ~[spring-data-cassandra-2.2.1.RELEASE.jar:2.2.1.RELEASE]
	at org.springframework.data.cassandra.config.AbstractCassandraConfiguration.sessionFactory(AbstractCassandraConfiguration.java:113) ~[spring-data-cassandra-2.2.1.RELEASE.jar:2.2.1.RELEASE]
	at mum.cs.cs544.finalproject.tripregistrationservice.cassandraconfig.TripRegistrationCassandraConfig$$EnhancerBySpringCGLIB$$3968fb5c.CGLIB$sessionFactory$7(<generated>) ~[classes/:na]
	at mum.cs.cs544.finalproject.tripregistrationservice.cassandraconfig.TripRegistrationCassandraConfig$$EnhancerBySpringCGLIB$$3968fb5c$$FastClassBySpringCGLIB$$15e91167.invoke(<generated>) ~[classes/:na]
	at org.springframework.cglib.proxy.MethodProxy.invokeSuper(MethodProxy.java:244) ~[spring-core-5.2.1.RELEASE.jar:5.2.1.RELEASE]
	at org.springframework.context.annotation.ConfigurationClassEnhancer$BeanMethodInterceptor.intercept(ConfigurationClassEnhancer.java:363) ~[spring-context-5.2.1.RELEASE.jar:5.2.1.RELEASE]
	at mum.cs.cs544.finalproject.tripregistrationservice.cassandraconfig.TripRegistrationCassandraConfig$$EnhancerBySpringCGLIB$$3968fb5c.sessionFactory(<generated>) ~[classes/:na]
	at sun.reflect.NativeMethodAccessorImpl.invoke0(Native Method) ~[na:1.8.0_221]
	at sun.reflect.NativeMethodAccessorImpl.invoke(NativeMethodAccessorImpl.java:62) ~[na:1.8.0_221]
	at sun.reflect.DelegatingMethodAccessorImpl.invoke(DelegatingMethodAccessorImpl.java:43) ~[na:1.8.0_221]
	at java.lang.reflect.Method.invoke(Method.java:498) ~[na:1.8.0_221]
	at org.springframework.beans.factory.support.SimpleInstantiationStrategy.instantiate(SimpleInstantiationStrategy.java:154) ~[spring-beans-5.2.1.RELEASE.jar:5.2.1.RELEASE]
	... 144 common frames omitted
Caused by: com.datastax.driver.core.exceptions.NoHostAvailableException: All host(s) tried for query failed (tried: localhost/127.0.0.1:9042 (com.datastax.driver.core.exceptions.TransportException: [localhost/127.0.0.1:9042] Cannot connect), localhost/0:0:0:0:0:0:0:1:9042 (com.datastax.driver.core.exceptions.TransportException: [localhost/0:0:0:0:0:0:0:1:9042] Cannot connect))
	at com.datastax.driver.core.ControlConnection.reconnectInternal(ControlConnection.java:268) ~[cassandra-driver-core-3.7.2.jar:na]
	at com.datastax.driver.core.ControlConnection.connect(ControlConnection.java:107) ~[cassandra-driver-core-3.7.2.jar:na]
	at com.datastax.driver.core.Cluster$Manager.negotiateProtocolVersionAndConnect(Cluster.java:1652) ~[cassandra-driver-core-3.7.2.jar:na]
	at com.datastax.driver.core.Cluster$Manager.init(Cluster.java:1571) ~[cassandra-driver-core-3.7.2.jar:na]
	at com.datastax.driver.core.Cluster.init(Cluster.java:208) ~[cassandra-driver-core-3.7.2.jar:na]
	at com.datastax.driver.core.Cluster.connectAsync(Cluster.java:376) ~[cassandra-driver-core-3.7.2.jar:na]
	at com.datastax.driver.core.Cluster.connect(Cluster.java:332) ~[cassandra-driver-core-3.7.2.jar:na]
	at org.springframework.data.cassandra.config.CassandraCqlSessionFactoryBean.connect(CassandraCqlSessionFactoryBean.java:90) ~[spring-data-cassandra-2.2.1.RELEASE.jar:2.2.1.RELEASE]
	at org.springframework.data.cassandra.config.CassandraCqlSessionFactoryBean.afterPropertiesSet(CassandraCqlSessionFactoryBean.java:82) ~[spring-data-cassandra-2.2.1.RELEASE.jar:2.2.1.RELEASE]
	at org.springframework.data.cassandra.config.CassandraSessionFactoryBean.afterPropertiesSet(CassandraSessionFactoryBean.java:59) ~[spring-data-cassandra-2.2.1.RELEASE.jar:2.2.1.RELEASE]
	at org.springframework.beans.factory.support.AbstractAutowireCapableBeanFactory.invokeInitMethods(AbstractAutowireCapableBeanFactory.java:1862) ~[spring-beans-5.2.1.RELEASE.jar:5.2.1.RELEASE]
	at org.springframework.beans.factory.support.AbstractAutowireCapableBeanFactory.initializeBean(AbstractAutowireCapableBeanFactory.java:1799) ~[spring-beans-5.2.1.RELEASE.jar:5.2.1.RELEASE]
	... 164 common frames omitted

2019-11-20 17:31:42.349 ERROR 11343 --- [           main] o.s.test.context.TestContextManager      : Caught exception while allowing TestExecutionListener [org.springframework.test.context.web.ServletTestExecutionListener@485966cc] to prepare test instance [mum.cs.cs544.finalproject.tripregistrationservice.TripregistrationServiceApplicationTests@3c50ad4b]

java.lang.IllegalStateException: Failed to load ApplicationContext
	at org.springframework.test.context.cache.DefaultCacheAwareContextLoaderDelegate.loadContext(DefaultCacheAwareContextLoaderDelegate.java:132) ~[spring-test-5.2.1.RELEASE.jar:5.2.1.RELEASE]
	at org.springframework.test.context.support.DefaultTestContext.getApplicationContext(DefaultTestContext.java:123) ~[spring-test-5.2.1.RELEASE.jar:5.2.1.RELEASE]
	at org.springframework.test.context.web.ServletTestExecutionListener.setUpRequestContextIfNecessary(ServletTestExecutionListener.java:190) ~[spring-test-5.2.1.RELEASE.jar:5.2.1.RELEASE]
	at org.springframework.test.context.web.ServletTestExecutionListener.prepareTestInstance(ServletTestExecutionListener.java:132) ~[spring-test-5.2.1.RELEASE.jar:5.2.1.RELEASE]
	at org.springframework.test.context.TestContextManager.prepareTestInstance(TestContextManager.java:244) ~[spring-test-5.2.1.RELEASE.jar:5.2.1.RELEASE]
	at org.springframework.test.context.junit.jupiter.SpringExtension.postProcessTestInstance(SpringExtension.java:98) [spring-test-5.2.1.RELEASE.jar:5.2.1.RELEASE]
	at org.junit.jupiter.engine.descriptor.ClassBasedTestDescriptor.lambda$invokeTestInstancePostProcessors$5(ClassBasedTestDescriptor.java:337) [junit-jupiter-engine-5.5.2.jar:5.5.2]
	at org.junit.jupiter.engine.descriptor.ClassBasedTestDescriptor.executeAndMaskThrowable(ClassBasedTestDescriptor.java:342) [junit-jupiter-engine-5.5.2.jar:5.5.2]
	at org.junit.jupiter.engine.descriptor.ClassBasedTestDescriptor.lambda$invokeTestInstancePostProcessors$6(ClassBasedTestDescriptor.java:337) [junit-jupiter-engine-5.5.2.jar:5.5.2]
	at java.util.stream.ReferencePipeline$3$1.accept(ReferencePipeline.java:193) ~[na:1.8.0_221]
	at java.util.stream.ReferencePipeline$2$1.accept(ReferencePipeline.java:175) ~[na:1.8.0_221]
	at java.util.ArrayList$ArrayListSpliterator.forEachRemaining(ArrayList.java:1382) ~[na:1.8.0_221]
	at java.util.stream.AbstractPipeline.copyInto(AbstractPipeline.java:482) ~[na:1.8.0_221]
	at java.util.stream.AbstractPipeline.wrapAndCopyInto(AbstractPipeline.java:472) ~[na:1.8.0_221]
	at java.util.stream.StreamSpliterators$WrappingSpliterator.forEachRemaining(StreamSpliterators.java:312) ~[na:1.8.0_221]
	at java.util.stream.Streams$ConcatSpliterator.forEachRemaining(Streams.java:743) ~[na:1.8.0_221]
	at java.util.stream.Streams$ConcatSpliterator.forEachRemaining(Streams.java:742) ~[na:1.8.0_221]
	at java.util.stream.ReferencePipeline$Head.forEach(ReferencePipeline.java:580) ~[na:1.8.0_221]
	at org.junit.jupiter.engine.descriptor.ClassBasedTestDescriptor.invokeTestInstancePostProcessors(ClassBasedTestDescriptor.java:336) [junit-jupiter-engine-5.5.2.jar:5.5.2]
	at org.junit.jupiter.engine.descriptor.ClassBasedTestDescriptor.instantiateAndPostProcessTestInstance(ClassBasedTestDescriptor.java:259) [junit-jupiter-engine-5.5.2.jar:5.5.2]
	at org.junit.jupiter.engine.descriptor.ClassBasedTestDescriptor.lambda$testInstancesProvider$2(ClassBasedTestDescriptor.java:252) [junit-jupiter-engine-5.5.2.jar:5.5.2]
	at java.util.Optional.orElseGet(Optional.java:267) ~[na:1.8.0_221]
	at org.junit.jupiter.engine.descriptor.ClassBasedTestDescriptor.lambda$testInstancesProvider$3(ClassBasedTestDescriptor.java:251) [junit-jupiter-engine-5.5.2.jar:5.5.2]
	at org.junit.jupiter.engine.execution.TestInstancesProvider.getTestInstances(TestInstancesProvider.java:29) ~[junit-jupiter-engine-5.5.2.jar:5.5.2]
	at org.junit.jupiter.engine.descriptor.TestMethodTestDescriptor.lambda$prepare$0(TestMethodTestDescriptor.java:106) ~[junit-jupiter-engine-5.5.2.jar:5.5.2]
	at org.junit.platform.engine.support.hierarchical.ThrowableCollector.execute(ThrowableCollector.java:73) ~[junit-platform-engine-1.5.2.jar:1.5.2]
	at org.junit.jupiter.engine.descriptor.TestMethodTestDescriptor.prepare(TestMethodTestDescriptor.java:105) ~[junit-jupiter-engine-5.5.2.jar:5.5.2]
	at org.junit.jupiter.engine.descriptor.TestMethodTestDescriptor.prepare(TestMethodTestDescriptor.java:69) ~[junit-jupiter-engine-5.5.2.jar:5.5.2]
	at org.junit.platform.engine.support.hierarchical.NodeTestTask.lambda$prepare$1(NodeTestTask.java:107) ~[junit-platform-engine-1.5.2.jar:1.5.2]
	at org.junit.platform.engine.support.hierarchical.ThrowableCollector.execute(ThrowableCollector.java:73) ~[junit-platform-engine-1.5.2.jar:1.5.2]
	at org.junit.platform.engine.support.hierarchical.NodeTestTask.prepare(NodeTestTask.java:107) ~[junit-platform-engine-1.5.2.jar:1.5.2]
	at org.junit.platform.engine.support.hierarchical.NodeTestTask.execute(NodeTestTask.java:75) ~[junit-platform-engine-1.5.2.jar:1.5.2]
	at java.util.ArrayList.forEach(ArrayList.java:1257) ~[na:1.8.0_221]
	at org.junit.platform.engine.support.hierarchical.SameThreadHierarchicalTestExecutorService.invokeAll(SameThreadHierarchicalTestExecutorService.java:38) ~[junit-platform-engine-1.5.2.jar:1.5.2]
	at org.junit.platform.engine.support.hierarchical.NodeTestTask.lambda$executeRecursively$5(NodeTestTask.java:139) ~[junit-platform-engine-1.5.2.jar:1.5.2]
	at org.junit.platform.engine.support.hierarchical.ThrowableCollector.execute(ThrowableCollector.java:73) ~[junit-platform-engine-1.5.2.jar:1.5.2]
	at org.junit.platform.engine.support.hierarchical.NodeTestTask.lambda$executeRecursively$7(NodeTestTask.java:125) ~[junit-platform-engine-1.5.2.jar:1.5.2]
	at org.junit.platform.engine.support.hierarchical.Node.around(Node.java:135) ~[junit-platform-engine-1.5.2.jar:1.5.2]
	at org.junit.platform.engine.support.hierarchical.NodeTestTask.lambda$executeRecursively$8(NodeTestTask.java:123) ~[junit-platform-engine-1.5.2.jar:1.5.2]
	at org.junit.platform.engine.support.hierarchical.ThrowableCollector.execute(ThrowableCollector.java:73) ~[junit-platform-engine-1.5.2.jar:1.5.2]
	at org.junit.platform.engine.support.hierarchical.NodeTestTask.executeRecursively(NodeTestTask.java:122) ~[junit-platform-engine-1.5.2.jar:1.5.2]
	at org.junit.platform.engine.support.hierarchical.NodeTestTask.execute(NodeTestTask.java:80) ~[junit-platform-engine-1.5.2.jar:1.5.2]
	at java.util.ArrayList.forEach(ArrayList.java:1257) ~[na:1.8.0_221]
	at org.junit.platform.engine.support.hierarchical.SameThreadHierarchicalTestExecutorService.invokeAll(SameThreadHierarchicalTestExecutorService.java:38) ~[junit-platform-engine-1.5.2.jar:1.5.2]
	at org.junit.platform.engine.support.hierarchical.NodeTestTask.lambda$executeRecursively$5(NodeTestTask.java:139) ~[junit-platform-engine-1.5.2.jar:1.5.2]
	at org.junit.platform.engine.support.hierarchical.ThrowableCollector.execute(ThrowableCollector.java:73) ~[junit-platform-engine-1.5.2.jar:1.5.2]
	at org.junit.platform.engine.support.hierarchical.NodeTestTask.lambda$executeRecursively$7(NodeTestTask.java:125) ~[junit-platform-engine-1.5.2.jar:1.5.2]
	at org.junit.platform.engine.support.hierarchical.Node.around(Node.java:135) ~[junit-platform-engine-1.5.2.jar:1.5.2]
	at org.junit.platform.engine.support.hierarchical.NodeTestTask.lambda$executeRecursively$8(NodeTestTask.java:123) ~[junit-platform-engine-1.5.2.jar:1.5.2]
	at org.junit.platform.engine.support.hierarchical.ThrowableCollector.execute(ThrowableCollector.java:73) ~[junit-platform-engine-1.5.2.jar:1.5.2]
	at org.junit.platform.engine.support.hierarchical.NodeTestTask.executeRecursively(NodeTestTask.java:122) ~[junit-platform-engine-1.5.2.jar:1.5.2]
	at org.junit.platform.engine.support.hierarchical.NodeTestTask.execute(NodeTestTask.java:80) ~[junit-platform-engine-1.5.2.jar:1.5.2]
	at org.junit.platform.engine.support.hierarchical.SameThreadHierarchicalTestExecutorService.submit(SameThreadHierarchicalTestExecutorService.java:32) ~[junit-platform-engine-1.5.2.jar:1.5.2]
	at org.junit.platform.engine.support.hierarchical.HierarchicalTestExecutor.execute(HierarchicalTestExecutor.java:57) ~[junit-platform-engine-1.5.2.jar:1.5.2]
	at org.junit.platform.engine.support.hierarchical.HierarchicalTestEngine.execute(HierarchicalTestEngine.java:51) ~[junit-platform-engine-1.5.2.jar:1.5.2]
	at org.junit.platform.launcher.core.DefaultLauncher.execute(DefaultLauncher.java:220) ~[junit-platform-launcher-1.3.1.jar:1.3.1]
	at org.junit.platform.launcher.core.DefaultLauncher.lambda$execute$6(DefaultLauncher.java:188) ~[junit-platform-launcher-1.3.1.jar:1.3.1]
	at org.junit.platform.launcher.core.DefaultLauncher.withInterceptedStreams(DefaultLauncher.java:202) ~[junit-platform-launcher-1.3.1.jar:1.3.1]
	at org.junit.platform.launcher.core.DefaultLauncher.execute(DefaultLauncher.java:181) ~[junit-platform-launcher-1.3.1.jar:1.3.1]
	at org.junit.platform.launcher.core.DefaultLauncher.execute(DefaultLauncher.java:128) ~[junit-platform-launcher-1.3.1.jar:1.3.1]
	at org.apache.maven.surefire.junitplatform.JUnitPlatformProvider.invokeAllTests(JUnitPlatformProvider.java:150) ~[surefire-junit-platform-2.22.2.jar:2.22.2]
	at org.apache.maven.surefire.junitplatform.JUnitPlatformProvider.invoke(JUnitPlatformProvider.java:124) ~[surefire-junit-platform-2.22.2.jar:2.22.2]
	at org.apache.maven.surefire.booter.ForkedBooter.invokeProviderInSameClassLoader(ForkedBooter.java:384) ~[surefire-booter-2.22.2.jar:2.22.2]
	at org.apache.maven.surefire.booter.ForkedBooter.runSuitesInProcess(ForkedBooter.java:345) ~[surefire-booter-2.22.2.jar:2.22.2]
	at org.apache.maven.surefire.booter.ForkedBooter.execute(ForkedBooter.java:126) ~[surefire-booter-2.22.2.jar:2.22.2]
	at org.apache.maven.surefire.booter.ForkedBooter.main(ForkedBooter.java:418) ~[surefire-booter-2.22.2.jar:2.22.2]
[...]
	at org.springframework.beans.factory.support.AbstractAutowireCapableBeanFactory.populateBean(AbstractAutowireCapableBeanFactory.java:1451) ~[spring-beans-5.2.1.RELEASE.jar:5.2.1.RELEASE]
	at org.springframework.beans.factory.support.AbstractAutowireCapableBeanFactory.doCreateBean(AbstractAutowireCapableBeanFactory.java:594) ~[spring-beans-5.2.1.RELEASE.jar:5.2.1.RELEASE]
	at org.springframework.beans.factory.support.AbstractAutowireCapableBeanFactory.createBean(AbstractAutowireCapableBeanFactory.java:517) ~[spring-beans-5.2.1.RELEASE.jar:5.2.1.RELEASE]
	at org.springframework.beans.factory.support.AbstractBeanFactory.lambda$doGetBean$0(AbstractBeanFactory.java:323) ~[spring-beans-5.2.1.RELEASE.jar:5.2.1.RELEASE]
	at org.springframework.beans.factory.support.DefaultSingletonBeanRegistry.getSingleton(DefaultSingletonBeanRegistry.java:222) ~[spring-beans-5.2.1.RELEASE.jar:5.2.1.RELEASE]
	at org.springframework.beans.factory.support.AbstractBeanFactory.doGetBean(AbstractBeanFactory.java:321) ~[spring-beans-5.2.1.RELEASE.jar:5.2.1.RELEASE]
	at org.springframework.beans.factory.support.AbstractBeanFactory.getBean(AbstractBeanFactory.java:202) ~[spring-beans-5.2.1.RELEASE.jar:5.2.1.RELEASE]
	at org.springframework.beans.factory.config.DependencyDescriptor.resolveCandidate(DependencyDescriptor.java:276) ~[spring-beans-5.2.1.RELEASE.jar:5.2.1.RELEASE]
	at org.springframework.beans.factory.support.DefaultListableBeanFactory.doResolveDependency(DefaultListableBeanFactory.java:1287) ~[spring-beans-5.2.1.RELEASE.jar:5.2.1.RELEASE]
	at org.springframework.beans.factory.support.DefaultListableBeanFactory.resolveDependency(DefaultListableBeanFactory.java:1207) ~[spring-beans-5.2.1.RELEASE.jar:5.2.1.RELEASE]
	at org.springframework.beans.factory.annotation.AutowiredAnnotationBeanPostProcessor$AutowiredFieldElement.inject(AutowiredAnnotationBeanPostProcessor.java:636) ~[spring-beans-5.2.1.RELEASE.jar:5.2.1.RELEASE]
	... 96 common frames omitted
Caused by: org.springframework.beans.factory.BeanCreationException: Error creating bean with name 'cassandraTemplate' defined in class path resource [mum/cs/cs544/finalproject/tripregistrationservice/cassandraconfig/TripRegistrationCassandraConfig.class]: Bean instantiation via factory method failed; nested exception is org.springframework.beans.BeanInstantiationException: Failed to instantiate [org.springframework.data.cassandra.core.CassandraAdminTemplate]: Factory method 'cassandraTemplate' threw exception; nested exception is org.springframework.beans.factory.BeanCreationException: Error creating bean with name 'sessionFactory' defined in class path resource [mum/cs/cs544/finalproject/tripregistrationservice/cassandraconfig/TripRegistrationCassandraConfig.class]: Bean instantiation via factory method failed; nested exception is org.springframework.beans.BeanInstantiationException: Failed to instantiate [org.springframework.data.cassandra.SessionFactory]: Factory method 'sessionFactory' threw exception; nested exception is org.springframework.beans.factory.BeanCreationException: Error creating bean with name 'session' defined in class path resource [mum/cs/cs544/finalproject/tripregistrationservice/cassandraconfig/TripRegistrationCassandraConfig.class]: Invocation of init method failed; nested exception is com.datastax.driver.core.exceptions.NoHostAvailableException: All host(s) tried for query failed (tried: localhost/127.0.0.1:9042 (com.datastax.driver.core.exceptions.TransportException: [localhost/127.0.0.1:9042] Cannot connect), localhost/0:0:0:0:0:0:0:1:9042 (com.datastax.driver.core.exceptions.TransportException: [localhost/0:0:0:0:0:0:0:1:9042] Cannot connect))
	at org.springframework.beans.factory.support.ConstructorResolver.instantiate(ConstructorResolver.java:645) ~[spring-beans-5.2.1.RELEASE.jar:5.2.1.RELEASE]
	at org.springframework.beans.factory.support.ConstructorResolver.instantiateUsingFactoryMethod(ConstructorResolver.java:475) ~[spring-beans-5.2.1.RELEASE.jar:5.2.1.RELEASE]
	at org.springframework.beans.factory.support.AbstractAutowireCapableBeanFactory.instantiateUsingFactoryMethod(AbstractAutowireCapableBeanFactory.java:1338) ~[spring-beans-5.2.1.RELEASE.jar:5.2.1.RELEASE]
	at org.springframework.beans.factory.support.AbstractAutowireCapableBeanFactory.createBeanInstance(AbstractAutowireCapableBeanFactory.java:1177) ~[spring-beans-5.2.1.RELEASE.jar:5.2.1.RELEASE]
	at org.springframework.beans.factory.support.AbstractAutowireCapableBeanFactory.doCreateBean(AbstractAutowireCapableBeanFactory.java:557) ~[spring-beans-5.2.1.RELEASE.jar:5.2.1.RELEASE]
	at org.springframework.beans.factory.support.AbstractAutowireCapableBeanFactory.createBean(AbstractAutowireCapableBeanFactory.java:517) ~[spring-beans-5.2.1.RELEASE.jar:5.2.1.RELEASE]
	at org.springframework.beans.factory.support.AbstractBeanFactory.lambda$doGetBean$0(AbstractBeanFactory.java:323) ~[spring-beans-5.2.1.RELEASE.jar:5.2.1.RELEASE]
	at org.springframework.beans.factory.support.DefaultSingletonBeanRegistry.getSingleton(DefaultSingletonBeanRegistry.java:222) ~[spring-beans-5.2.1.RELEASE.jar:5.2.1.RELEASE]
	at org.springframework.beans.factory.support.AbstractBeanFactory.doGetBean(AbstractBeanFactory.java:321) ~[spring-beans-5.2.1.RELEASE.jar:5.2.1.RELEASE]
	at org.springframework.beans.factory.support.AbstractBeanFactory.getBean(AbstractBeanFactory.java:202) ~[spring-beans-5.2.1.RELEASE.jar:5.2.1.RELEASE]
	at org.springframework.beans.factory.support.BeanDefinitionValueResolver.resolveReference(BeanDefinitionValueResolver.java:330) ~[spring-beans-5.2.1.RELEASE.jar:5.2.1.RELEASE]
	... 109 common frames omitted
Caused by: org.springframework.beans.BeanInstantiationException: Failed to instantiate [org.springframework.data.cassandra.core.CassandraAdminTemplate]: Factory method 'cassandraTemplate' threw exception; nested exception is org.springframework.beans.factory.BeanCreationException: Error creating bean with name 'sessionFactory' defined in class path resource [mum/cs/cs544/finalproject/tripregistrationservice/cassandraconfig/TripRegistrationCassandraConfig.class]: Bean instantiation via factory method failed; nested exception is org.springframework.beans.BeanInstantiationException: Failed to instantiate [org.springframework.data.cassandra.SessionFactory]: Factory method 'sessionFactory' threw exception; nested exception is org.springframework.beans.factory.BeanCreationException: Error creating bean with name 'session' defined in class path resource [mum/cs/cs544/finalproject/tripregistrationservice/cassandraconfig/TripRegistrationCassandraConfig.class]: Invocation of init method failed; nested exception is com.datastax.driver.core.exceptions.NoHostAvailableException: All host(s) tried for query failed (tried: localhost/127.0.0.1:9042 (com.datastax.driver.core.exceptions.TransportException: [localhost/127.0.0.1:9042] Cannot connect), localhost/0:0:0:0:0:0:0:1:9042 (com.datastax.driver.core.exceptions.TransportException: [localhost/0:0:0:0:0:0:0:1:9042] Cannot connect))
	at org.springframework.beans.factory.support.SimpleInstantiationStrategy.instantiate(SimpleInstantiationStrategy.java:185) ~[spring-beans-5.2.1.RELEASE.jar:5.2.1.RELEASE]
	at org.springframework.beans.factory.support.ConstructorResolver.instantiate(ConstructorResolver.java:640) ~[spring-beans-5.2.1.RELEASE.jar:5.2.1.RELEASE]
	... 119 common frames omitted
Caused by: org.springframework.beans.factory.BeanCreationException: Error creating bean with name 'sessionFactory' defined in class path resource [mum/cs/cs544/finalproject/tripregistrationservice/cassandraconfig/TripRegistrationCassandraConfig.class]: Bean instantiation via factory method failed; nested exception is org.springframework.beans.BeanInstantiationException: Failed to instantiate [org.springframework.data.cassandra.SessionFactory]: Factory method 'sessionFactory' threw exception; nested exception is org.springframework.beans.factory.BeanCreationException: Error creating bean with name 'session' defined in class path resource [mum/cs/cs544/finalproject/tripregistrationservice/cassandraconfig/TripRegistrationCassandraConfig.class]: Invocation of init method failed; nested exception is com.datastax.driver.core.exceptions.NoHostAvailableException: All host(s) tried for query failed (tried: localhost/127.0.0.1:9042 (com.datastax.driver.core.exceptions.TransportException: [localhost/127.0.0.1:9042] Cannot connect), localhost/0:0:0:0:0:0:0:1:9042 (com.datastax.driver.core.exceptions.TransportException: [localhost/0:0:0:0:0:0:0:1:9042] Cannot connect))
	at org.springframework.beans.factory.support.ConstructorResolver.instantiate(ConstructorResolver.java:645) ~[spring-beans-5.2.1.RELEASE.jar:5.2.1.RELEASE]
	at org.springframework.beans.factory.support.ConstructorResolver.instantiateUsingFactoryMethod(ConstructorResolver.java:475) ~[spring-beans-5.2.1.RELEASE.jar:5.2.1.RELEASE]
	at org.springframework.beans.factory.support.AbstractAutowireCapableBeanFactory.instantiateUsingFactoryMethod(AbstractAutowireCapableBeanFactory.java:1338) ~[spring-beans-5.2.1.RELEASE.jar:5.2.1.RELEASE]
	at org.springframework.beans.factory.support.AbstractAutowireCapableBeanFactory.createBeanInstance(AbstractAutowireCapableBeanFactory.java:1177) ~[spring-beans-5.2.1.RELEASE.jar:5.2.1.RELEASE]
	at org.springframework.beans.factory.support.AbstractAutowireCapableBeanFactory.doCreateBean(AbstractAutowireCapableBeanFactory.java:557) ~[spring-beans-5.2.1.RELEASE.jar:5.2.1.RELEASE]
	at org.springframework.beans.factory.support.AbstractAutowireCapableBeanFactory.createBean(AbstractAutowireCapableBeanFactory.java:517) ~[spring-beans-5.2.1.RELEASE.jar:5.2.1.RELEASE]
	at org.springframework.beans.factory.support.AbstractBeanFactory.lambda$doGetBean$0(AbstractBeanFactory.java:323) ~[spring-beans-5.2.1.RELEASE.jar:5.2.1.RELEASE]
	at org.springframework.beans.factory.support.DefaultSingletonBeanRegistry.getSingleton(DefaultSingletonBeanRegistry.java:222) ~[spring-beans-5.2.1.RELEASE.jar:5.2.1.RELEASE]
	at org.springframework.beans.factory.support.AbstractBeanFactory.doGetBean(AbstractBeanFactory.java:321) ~[spring-beans-5.2.1.RELEASE.jar:5.2.1.RELEASE]
	at org.springframework.beans.factory.support.AbstractBeanFactory.getBean(AbstractBeanFactory.java:202) ~[spring-beans-5.2.1.RELEASE.jar:5.2.1.RELEASE]
	at org.springframework.context.annotation.ConfigurationClassEnhancer$BeanMethodInterceptor.resolveBeanReference(ConfigurationClassEnhancer.java:394) ~[spring-context-5.2.1.RELEASE.jar:5.2.1.RELEASE]
	at org.springframework.context.annotation.ConfigurationClassEnhancer$BeanMethodInterceptor.intercept(ConfigurationClassEnhancer.java:366) ~[spring-context-5.2.1.RELEASE.jar:5.2.1.RELEASE]
	at mum.cs.cs544.finalproject.tripregistrationservice.cassandraconfig.TripRegistrationCassandraConfig$$EnhancerBySpringCGLIB$$3968fb5c.sessionFactory(<generated>) ~[classes/:na]
	at org.springframework.data.cassandra.config.AbstractCassandraConfiguration.cassandraTemplate(AbstractCassandraConfiguration.java:203) ~[spring-data-cassandra-2.2.1.RELEASE.jar:2.2.1.RELEASE]
	at mum.cs.cs544.finalproject.tripregistrationservice.cassandraconfig.TripRegistrationCassandraConfig$$EnhancerBySpringCGLIB$$3968fb5c.CGLIB$cassandraTemplate$5(<generated>) ~[classes/:na]
	at mum.cs.cs544.finalproject.tripregistrationservice.cassandraconfig.TripRegistrationCassandraConfig$$EnhancerBySpringCGLIB$$3968fb5c$$FastClassBySpringCGLIB$$15e91167.invoke(<generated>) ~[classes/:na]
	at org.springframework.cglib.proxy.MethodProxy.invokeSuper(MethodProxy.java:244) ~[spring-core-5.2.1.RELEASE.jar:5.2.1.RELEASE]
	at org.springframework.context.annotation.ConfigurationClassEnhancer$BeanMethodInterceptor.intercept(ConfigurationClassEnhancer.java:363) ~[spring-context-5.2.1.RELEASE.jar:5.2.1.RELEASE]
	at mum.cs.cs544.finalproject.tripregistrationservice.cassandraconfig.TripRegistrationCassandraConfig$$EnhancerBySpringCGLIB$$3968fb5c.cassandraTemplate(<generated>) ~[classes/:na]
	at sun.reflect.NativeMethodAccessorImpl.invoke0(Native Method) ~[na:1.8.0_221]
	at sun.reflect.NativeMethodAccessorImpl.invoke(NativeMethodAccessorImpl.java:62) ~[na:1.8.0_221]
	at sun.reflect.DelegatingMethodAccessorImpl.invoke(DelegatingMethodAccessorImpl.java:43) ~[na:1.8.0_221]
	at java.lang.reflect.Method.invoke(Method.java:498) ~[na:1.8.0_221]
	at org.springframework.beans.factory.support.SimpleInstantiationStrategy.instantiate(SimpleInstantiationStrategy.java:154) ~[spring-beans-5.2.1.RELEASE.jar:5.2.1.RELEASE]
	... 120 common frames omitted
Caused by: org.springframework.beans.BeanInstantiationException: Failed to instantiate [org.springframework.data.cassandra.SessionFactory]: Factory method 'sessionFactory' threw exception; nested exception is org.springframework.beans.factory.BeanCreationException: Error creating bean with name 'session' defined in class path resource [mum/cs/cs544/finalproject/tripregistrationservice/cassandraconfig/TripRegistrationCassandraConfig.class]: Invocation of init method failed; nested exception is com.datastax.driver.core.exceptions.NoHostAvailableException: All host(s) tried for query failed (tried: localhost/127.0.0.1:9042 (com.datastax.driver.core.exceptions.TransportException: [localhost/127.0.0.1:9042] Cannot connect), localhost/0:0:0:0:0:0:0:1:9042 (com.datastax.driver.core.exceptions.TransportException: [localhost/0:0:0:0:0:0:0:1:9042] Cannot connect))
	at org.springframework.beans.factory.support.SimpleInstantiationStrategy.instantiate(SimpleInstantiationStrategy.java:185) ~[spring-beans-5.2.1.RELEASE.jar:5.2.1.RELEASE]
	at org.springframework.beans.factory.support.ConstructorResolver.instantiate(ConstructorResolver.java:640) ~[spring-beans-5.2.1.RELEASE.jar:5.2.1.RELEASE]
	... 143 common frames omitted
Caused by: org.springframework.beans.factory.BeanCreationException: Error creating bean with name 'session' defined in class path resource [mum/cs/cs544/finalproject/tripregistrationservice/cassandraconfig/TripRegistrationCassandraConfig.class]: Invocation of init method failed; nested exception is com.datastax.driver.core.exceptions.NoHostAvailableException: All host(s) tried for query failed (tried: localhost/127.0.0.1:9042 (com.datastax.driver.core.exceptions.TransportException: [localhost/127.0.0.1:9042] Cannot connect), localhost/0:0:0:0:0:0:0:1:9042 (com.datastax.driver.core.exceptions.TransportException: [localhost/0:0:0:0:0:0:0:1:9042] Cannot connect))
	at org.springframework.beans.factory.support.AbstractAutowireCapableBeanFactory.initializeBean(AbstractAutowireCapableBeanFactory.java:1803) ~[spring-beans-5.2.1.RELEASE.jar:5.2.1.RELEASE]
	at org.springframework.beans.factory.support.AbstractAutowireCapableBeanFactory.doCreateBean(AbstractAutowireCapableBeanFactory.java:595) ~[spring-beans-5.2.1.RELEASE.jar:5.2.1.RELEASE]
	at org.springframework.beans.factory.support.AbstractAutowireCapableBeanFactory.createBean(AbstractAutowireCapableBeanFactory.java:517) ~[spring-beans-5.2.1.RELEASE.jar:5.2.1.RELEASE]
	at org.springframework.beans.factory.support.AbstractBeanFactory.lambda$doGetBean$0(AbstractBeanFactory.java:323) ~[spring-beans-5.2.1.RELEASE.jar:5.2.1.RELEASE]
	at org.springframework.beans.factory.support.DefaultSingletonBeanRegistry.getSingleton(DefaultSingletonBeanRegistry.java:222) ~[spring-beans-5.2.1.RELEASE.jar:5.2.1.RELEASE]
	at org.springframework.beans.factory.support.AbstractBeanFactory.doGetBean(AbstractBeanFactory.java:321) ~[spring-beans-5.2.1.RELEASE.jar:5.2.1.RELEASE]
	at org.springframework.beans.factory.support.AbstractBeanFactory.getBean(AbstractBeanFactory.java:202) ~[spring-beans-5.2.1.RELEASE.jar:5.2.1.RELEASE]
	at org.springframework.context.annotation.ConfigurationClassEnhancer$BeanMethodInterceptor.intercept(ConfigurationClassEnhancer.java:339) ~[spring-context-5.2.1.RELEASE.jar:5.2.1.RELEASE]
	at mum.cs.cs544.finalproject.tripregistrationservice.cassandraconfig.TripRegistrationCassandraConfig$$EnhancerBySpringCGLIB$$3968fb5c.session(<generated>) ~[classes/:na]
	at org.springframework.data.cassandra.config.AbstractCassandraConfiguration.getRequiredSession(AbstractCassandraConfiguration.java:67) ~[spring-data-cassandra-2.2.1.RELEASE.jar:2.2.1.RELEASE]
	at org.springframework.data.cassandra.config.AbstractCassandraConfiguration.sessionFactory(AbstractCassandraConfiguration.java:113) ~[spring-data-cassandra-2.2.1.RELEASE.jar:2.2.1.RELEASE]
	at mum.cs.cs544.finalproject.tripregistrationservice.cassandraconfig.TripRegistrationCassandraConfig$$EnhancerBySpringCGLIB$$3968fb5c.CGLIB$sessionFactory$7(<generated>) ~[classes/:na]
	at mum.cs.cs544.finalproject.tripregistrationservice.cassandraconfig.TripRegistrationCassandraConfig$$EnhancerBySpringCGLIB$$3968fb5c$$FastClassBySpringCGLIB$$15e91167.invoke(<generated>) ~[classes/:na]
	at org.springframework.cglib.proxy.MethodProxy.invokeSuper(MethodProxy.java:244) ~[spring-core-5.2.1.RELEASE.jar:5.2.1.RELEASE]
	at org.springframework.context.annotation.ConfigurationClassEnhancer$BeanMethodInterceptor.intercept(ConfigurationClassEnhancer.java:363) ~[spring-context-5.2.1.RELEASE.jar:5.2.1.RELEASE]
	at mum.cs.cs544.finalproject.tripregistrationservice.cassandraconfig.TripRegistrationCassandraConfig$$EnhancerBySpringCGLIB$$3968fb5c.sessionFactory(<generated>) ~[classes/:na]
	at sun.reflect.NativeMethodAccessorImpl.invoke0(Native Method) ~[na:1.8.0_221]
	at sun.reflect.NativeMethodAccessorImpl.invoke(NativeMethodAccessorImpl.java:62) ~[na:1.8.0_221]
	at sun.reflect.DelegatingMethodAccessorImpl.invoke(DelegatingMethodAccessorImpl.java:43) ~[na:1.8.0_221]
	at java.lang.reflect.Method.invoke(Method.java:498) ~[na:1.8.0_221]
	at org.springframework.beans.factory.support.SimpleInstantiationStrategy.instantiate(SimpleInstantiationStrategy.java:154) ~[spring-beans-5.2.1.RELEASE.jar:5.2.1.RELEASE]
	... 144 common frames omitted
Caused by: com.datastax.driver.core.exceptions.NoHostAvailableException: All host(s) tried for query failed (tried: localhost/127.0.0.1:9042 (com.datastax.driver.core.exceptions.TransportException: [localhost/127.0.0.1:9042] Cannot connect), localhost/0:0:0:0:0:0:0:1:9042 (com.datastax.driver.core.exceptions.TransportException: [localhost/0:0:0:0:0:0:0:1:9042] Cannot connect))
	at com.datastax.driver.core.ControlConnection.reconnectInternal(ControlConnection.java:268) ~[cassandra-driver-core-3.7.2.jar:na]
	at com.datastax.driver.core.ControlConnection.connect(ControlConnection.java:107) ~[cassandra-driver-core-3.7.2.jar:na]
	at com.datastax.driver.core.Cluster$Manager.negotiateProtocolVersionAndConnect(Cluster.java:1652) ~[cassandra-driver-core-3.7.2.jar:na]
	at com.datastax.driver.core.Cluster$Manager.init(Cluster.java:1571) ~[cassandra-driver-core-3.7.2.jar:na]
	at com.datastax.driver.core.Cluster.init(Cluster.java:208) ~[cassandra-driver-core-3.7.2.jar:na]
	at com.datastax.driver.core.Cluster.connectAsync(Cluster.java:376) ~[cassandra-driver-core-3.7.2.jar:na]
	at com.datastax.driver.core.Cluster.connect(Cluster.java:332) ~[cassandra-driver-core-3.7.2.jar:na]
	at org.springframework.data.cassandra.config.CassandraCqlSessionFactoryBean.connect(CassandraCqlSessionFactoryBean.java:90) ~[spring-data-cassandra-2.2.1.RELEASE.jar:2.2.1.RELEASE]
	at org.springframework.data.cassandra.config.CassandraCqlSessionFactoryBean.afterPropertiesSet(CassandraCqlSessionFactoryBean.java:82) ~[spring-data-cassandra-2.2.1.RELEASE.jar:2.2.1.RELEASE]
	at org.springframework.data.cassandra.config.CassandraSessionFactoryBean.afterPropertiesSet(CassandraSessionFactoryBean.java:59) ~[spring-data-cassandra-2.2.1.RELEASE.jar:2.2.1.RELEASE]
	at org.springframework.beans.factory.support.AbstractAutowireCapableBeanFactory.invokeInitMethods(AbstractAutowireCapableBeanFactory.java:1862) ~[spring-beans-5.2.1.RELEASE.jar:5.2.1.RELEASE]
	at org.springframework.beans.factory.support.AbstractAutowireCapableBeanFactory.initializeBean(AbstractAutowireCapableBeanFactory.java:1799) ~[spring-beans-5.2.1.RELEASE.jar:5.2.1.RELEASE]
	... 164 common frames omitted

]]></system-out>
  </testcase>
</testsuite>